<?xml version="1.0" encoding="UTF-8"?>
<TestRun id="872307c7-21f5-48fa-9dbc-ae6c95358648" name="thedole@THEDOLE-ASUS 2012-12-18 00:38:17" runUser="THEDOLE-ASUS\thedole" xmlns="http://microsoft.com/schemas/VisualStudio/TeamTest/2010">
  <TestSettings name="Local" id="168ee60e-43ee-4ad3-b024-3f224d347f6b">
    <Description>These are default test settings for a local test run.</Description>
    <Deployment enabled="false" runDeploymentRoot="thedole_THEDOLE-ASUS 2012-12-18 00_38_17" />
    <Execution>
      <TestTypeSpecific />
      <AgentRule name="Execution Agents">
      </AgentRule>
    </Execution>
  </TestSettings>
  <Times creation="2012-12-18T00:38:17.2438756+01:00" queuing="2012-12-18T00:38:18.1330772+01:00" start="2012-12-18T00:38:18.2110773+01:00" finish="2012-12-18T00:38:19.0846789+01:00" />
  <ResultSummary outcome="Completed">
    <Counters total="8" executed="8" passed="8" error="0" failed="0" timeout="0" aborted="0" inconclusive="0" passedButRunAborted="0" notRunnable="0" notExecuted="0" disconnected="0" warning="0" completed="0" inProgress="0" pending="0" />
  </ResultSummary>
  <TestDefinitions>
    <UnitTest name="DeadCellWithMoreThenThreeAliveNeighboursStaysDead" storage="c:\users\thedole\documents\visual studio 2010\projects\codeplay\gameoflife\gameoflife01\gameoflife01\bin\debug\gameoflife01.dll" id="c3348b1a-f430-4e15-a061-63b1dfd86c4c">
      <Execution id="b1051ada-ba65-472a-8434-a6b54e5fe71e" />
      <TestMethod codeBase="C:/Users/thedole/Documents/Visual Studio 2010/Projects/CodePlay/GameOfLife/GameOfLife01/GameOfLife01/bin/Debug/GameOfLife01.DLL" adapterTypeName="Microsoft.VisualStudio.TestTools.TestTypes.Unit.UnitTestAdapter, Microsoft.VisualStudio.QualityTools.Tips.UnitTest.Adapter, Version=10.0.0.0, Culture=neutral, PublicKeyToken=b03f5f7f11d50a3a" className="GameOfLife01.UnitTest1, GameOfLife01, Version=1.0.0.0, Culture=neutral, PublicKeyToken=null" name="DeadCellWithMoreThenThreeAliveNeighboursStaysDead" />
    </UnitTest>
    <UnitTest name="DeadCellWithLessThenThreeAliveNeighboursStaysDead" storage="c:\users\thedole\documents\visual studio 2010\projects\codeplay\gameoflife\gameoflife01\gameoflife01\bin\debug\gameoflife01.dll" id="283489f7-18c4-2334-aa3a-93a2bb2f2335">
      <Execution id="f11b5da3-63ad-4a54-ac5f-87e3fd88ff56" />
      <TestMethod codeBase="C:/Users/thedole/Documents/Visual Studio 2010/Projects/CodePlay/GameOfLife/GameOfLife01/GameOfLife01/bin/Debug/GameOfLife01.DLL" adapterTypeName="Microsoft.VisualStudio.TestTools.TestTypes.Unit.UnitTestAdapter, Microsoft.VisualStudio.QualityTools.Tips.UnitTest.Adapter, Version=10.0.0.0, Culture=neutral, PublicKeyToken=b03f5f7f11d50a3a" className="GameOfLife01.UnitTest1, GameOfLife01, Version=1.0.0.0, Culture=neutral, PublicKeyToken=null" name="DeadCellWithLessThenThreeAliveNeighboursStaysDead" />
    </UnitTest>
    <UnitTest name="AliveCellWithMoreThenThreeAliveNeigboursDies" storage="c:\users\thedole\documents\visual studio 2010\projects\codeplay\gameoflife\gameoflife01\gameoflife01\bin\debug\gameoflife01.dll" id="3db8c6c5-c2c4-8993-379c-ab3a7719e1ac">
      <Execution id="9038e558-c107-40a5-9a25-03dc14b0dbdb" />
      <TestMethod codeBase="C:/Users/thedole/Documents/Visual Studio 2010/Projects/CodePlay/GameOfLife/GameOfLife01/GameOfLife01/bin/Debug/GameOfLife01.DLL" adapterTypeName="Microsoft.VisualStudio.TestTools.TestTypes.Unit.UnitTestAdapter, Microsoft.VisualStudio.QualityTools.Tips.UnitTest.Adapter, Version=10.0.0.0, Culture=neutral, PublicKeyToken=b03f5f7f11d50a3a" className="GameOfLife01.UnitTest1, GameOfLife01, Version=1.0.0.0, Culture=neutral, PublicKeyToken=null" name="AliveCellWithMoreThenThreeAliveNeigboursDies" />
    </UnitTest>
    <UnitTest name="AliveCellWithLessThenTwoAliveNeigboursDies" storage="c:\users\thedole\documents\visual studio 2010\projects\codeplay\gameoflife\gameoflife01\gameoflife01\bin\debug\gameoflife01.dll" id="481d0ecd-35aa-c3b3-a58e-df6acea9d162">
      <Execution id="011d112e-bc8e-4c49-bf44-0ef5c65adabc" />
      <TestMethod codeBase="C:/Users/thedole/Documents/Visual Studio 2010/Projects/CodePlay/GameOfLife/GameOfLife01/GameOfLife01/bin/Debug/GameOfLife01.DLL" adapterTypeName="Microsoft.VisualStudio.TestTools.TestTypes.Unit.UnitTestAdapter, Microsoft.VisualStudio.QualityTools.Tips.UnitTest.Adapter, Version=10.0.0.0, Culture=neutral, PublicKeyToken=b03f5f7f11d50a3a" className="GameOfLife01.UnitTest1, GameOfLife01, Version=1.0.0.0, Culture=neutral, PublicKeyToken=null" name="AliveCellWithLessThenTwoAliveNeigboursDies" />
    </UnitTest>
    <UnitTest name="AliveNeighbourCountOfEightConnectedNeighboursOn5x5grid" storage="c:\users\thedole\documents\visual studio 2010\projects\codeplay\gameoflife\gameoflife01\gameoflife01\bin\debug\gameoflife01.dll" id="e6a6b768-0d9f-404e-1089-104d118957f4">
      <Execution id="e19c72c1-5387-41ea-a9cd-8b7429480587" />
      <TestMethod codeBase="C:/Users/thedole/Documents/Visual Studio 2010/Projects/CodePlay/GameOfLife/GameOfLife01/GameOfLife01/bin/Debug/GameOfLife01.DLL" adapterTypeName="Microsoft.VisualStudio.TestTools.TestTypes.Unit.UnitTestAdapter, Microsoft.VisualStudio.QualityTools.Tips.UnitTest.Adapter, Version=10.0.0.0, Culture=neutral, PublicKeyToken=b03f5f7f11d50a3a" className="GameOfLife01.UnitTest1, GameOfLife01, Version=1.0.0.0, Culture=neutral, PublicKeyToken=null" name="AliveNeighbourCountOfEightConnectedNeighboursOn5x5grid" />
    </UnitTest>
    <UnitTest name="DeadCellWithThreeAliveNeighboursBecomesAlive" storage="c:\users\thedole\documents\visual studio 2010\projects\codeplay\gameoflife\gameoflife01\gameoflife01\bin\debug\gameoflife01.dll" id="8abccc33-4866-216c-529f-051cb4fe2e48">
      <Execution id="3a4464c5-acd6-4f63-af4d-91013e98db38" />
      <TestMethod codeBase="C:/Users/thedole/Documents/Visual Studio 2010/Projects/CodePlay/GameOfLife/GameOfLife01/GameOfLife01/bin/Debug/GameOfLife01.DLL" adapterTypeName="Microsoft.VisualStudio.TestTools.TestTypes.Unit.UnitTestAdapter, Microsoft.VisualStudio.QualityTools.Tips.UnitTest.Adapter, Version=10.0.0.0, Culture=neutral, PublicKeyToken=b03f5f7f11d50a3a" className="GameOfLife01.UnitTest1, GameOfLife01, Version=1.0.0.0, Culture=neutral, PublicKeyToken=null" name="DeadCellWithThreeAliveNeighboursBecomesAlive" />
    </UnitTest>
    <UnitTest name="AliveNeighbourCountOfEightConnectedNeighboursOn3x3grid" storage="c:\users\thedole\documents\visual studio 2010\projects\codeplay\gameoflife\gameoflife01\gameoflife01\bin\debug\gameoflife01.dll" id="340ef246-e12f-a0f6-d485-f8c93e001dad">
      <Execution id="c219e1e9-b24d-4de8-8b45-94a3efa98e64" />
      <TestMethod codeBase="C:/Users/thedole/Documents/Visual Studio 2010/Projects/CodePlay/GameOfLife/GameOfLife01/GameOfLife01/bin/Debug/GameOfLife01.DLL" adapterTypeName="Microsoft.VisualStudio.TestTools.TestTypes.Unit.UnitTestAdapter, Microsoft.VisualStudio.QualityTools.Tips.UnitTest.Adapter, Version=10.0.0.0, Culture=neutral, PublicKeyToken=b03f5f7f11d50a3a" className="GameOfLife01.UnitTest1, GameOfLife01, Version=1.0.0.0, Culture=neutral, PublicKeyToken=null" name="AliveNeighbourCountOfEightConnectedNeighboursOn3x3grid" />
    </UnitTest>
    <UnitTest name="AliveCellWithTwoOrThreeAliveNeighboursStaysAlive" storage="c:\users\thedole\documents\visual studio 2010\projects\codeplay\gameoflife\gameoflife01\gameoflife01\bin\debug\gameoflife01.dll" id="8a38cc25-b9ac-4172-d9cb-fee8c9344c27">
      <Execution id="3c00d09c-5b5b-4287-9645-cf832dbc7ada" />
      <TestMethod codeBase="C:/Users/thedole/Documents/Visual Studio 2010/Projects/CodePlay/GameOfLife/GameOfLife01/GameOfLife01/bin/Debug/GameOfLife01.DLL" adapterTypeName="Microsoft.VisualStudio.TestTools.TestTypes.Unit.UnitTestAdapter, Microsoft.VisualStudio.QualityTools.Tips.UnitTest.Adapter, Version=10.0.0.0, Culture=neutral, PublicKeyToken=b03f5f7f11d50a3a" className="GameOfLife01.UnitTest1, GameOfLife01, Version=1.0.0.0, Culture=neutral, PublicKeyToken=null" name="AliveCellWithTwoOrThreeAliveNeighboursStaysAlive" />
    </UnitTest>
  </TestDefinitions>
  <TestLists>
    <TestList name="Results Not in a List" id="8c84fa94-04c1-424b-9868-57a2d4851a1d" />
    <TestList name="All Loaded Results" id="19431567-8539-422a-85d7-44ee4e166bda" />
  </TestLists>
  <TestEntries>
    <TestEntry testId="283489f7-18c4-2334-aa3a-93a2bb2f2335" executionId="f11b5da3-63ad-4a54-ac5f-87e3fd88ff56" testListId="8c84fa94-04c1-424b-9868-57a2d4851a1d" />
    <TestEntry testId="340ef246-e12f-a0f6-d485-f8c93e001dad" executionId="c219e1e9-b24d-4de8-8b45-94a3efa98e64" testListId="8c84fa94-04c1-424b-9868-57a2d4851a1d" />
    <TestEntry testId="3db8c6c5-c2c4-8993-379c-ab3a7719e1ac" executionId="9038e558-c107-40a5-9a25-03dc14b0dbdb" testListId="8c84fa94-04c1-424b-9868-57a2d4851a1d" />
    <TestEntry testId="481d0ecd-35aa-c3b3-a58e-df6acea9d162" executionId="011d112e-bc8e-4c49-bf44-0ef5c65adabc" testListId="8c84fa94-04c1-424b-9868-57a2d4851a1d" />
    <TestEntry testId="8a38cc25-b9ac-4172-d9cb-fee8c9344c27" executionId="3c00d09c-5b5b-4287-9645-cf832dbc7ada" testListId="8c84fa94-04c1-424b-9868-57a2d4851a1d" />
    <TestEntry testId="8abccc33-4866-216c-529f-051cb4fe2e48" executionId="3a4464c5-acd6-4f63-af4d-91013e98db38" testListId="8c84fa94-04c1-424b-9868-57a2d4851a1d" />
    <TestEntry testId="c3348b1a-f430-4e15-a061-63b1dfd86c4c" executionId="b1051ada-ba65-472a-8434-a6b54e5fe71e" testListId="8c84fa94-04c1-424b-9868-57a2d4851a1d" />
    <TestEntry testId="e6a6b768-0d9f-404e-1089-104d118957f4" executionId="e19c72c1-5387-41ea-a9cd-8b7429480587" testListId="8c84fa94-04c1-424b-9868-57a2d4851a1d" />
  </TestEntries>
  <Results>
    <UnitTestResult executionId="f11b5da3-63ad-4a54-ac5f-87e3fd88ff56" testId="283489f7-18c4-2334-aa3a-93a2bb2f2335" testName="DeadCellWithLessThenThreeAliveNeighboursStaysDead" computerName="THEDOLE-ASUS" duration="00:00:00.0281792" startTime="2012-12-18T00:38:18.2422774+01:00" endTime="2012-12-18T00:38:18.9754787+01:00" testType="13cdc9d9-ddb5-4fa4-a97d-d965ccfc6d4b" outcome="Passed" testListId="8c84fa94-04c1-424b-9868-57a2d4851a1d" relativeResultsDirectory="f11b5da3-63ad-4a54-ac5f-87e3fd88ff56">
    </UnitTestResult>
    <UnitTestResult executionId="c219e1e9-b24d-4de8-8b45-94a3efa98e64" testId="340ef246-e12f-a0f6-d485-f8c93e001dad" testName="AliveNeighbourCountOfEightConnectedNeighboursOn3x3grid" computerName="THEDOLE-ASUS" duration="00:00:00.0210074" startTime="2012-12-18T00:38:18.9754787+01:00" endTime="2012-12-18T00:38:18.9910787+01:00" testType="13cdc9d9-ddb5-4fa4-a97d-d965ccfc6d4b" outcome="Passed" testListId="8c84fa94-04c1-424b-9868-57a2d4851a1d" relativeResultsDirectory="c219e1e9-b24d-4de8-8b45-94a3efa98e64">
    </UnitTestResult>
    <UnitTestResult executionId="9038e558-c107-40a5-9a25-03dc14b0dbdb" testId="3db8c6c5-c2c4-8993-379c-ab3a7719e1ac" testName="AliveCellWithMoreThenThreeAliveNeigboursDies" computerName="THEDOLE-ASUS" duration="00:00:00.0004059" startTime="2012-12-18T00:38:19.0066787+01:00" endTime="2012-12-18T00:38:19.0066787+01:00" testType="13cdc9d9-ddb5-4fa4-a97d-d965ccfc6d4b" outcome="Passed" testListId="8c84fa94-04c1-424b-9868-57a2d4851a1d" relativeResultsDirectory="9038e558-c107-40a5-9a25-03dc14b0dbdb">
    </UnitTestResult>
    <UnitTestResult executionId="011d112e-bc8e-4c49-bf44-0ef5c65adabc" testId="481d0ecd-35aa-c3b3-a58e-df6acea9d162" testName="AliveCellWithLessThenTwoAliveNeigboursDies" computerName="THEDOLE-ASUS" duration="00:00:00.0003828" startTime="2012-12-18T00:38:19.0066787+01:00" endTime="2012-12-18T00:38:19.0066787+01:00" testType="13cdc9d9-ddb5-4fa4-a97d-d965ccfc6d4b" outcome="Passed" testListId="8c84fa94-04c1-424b-9868-57a2d4851a1d" relativeResultsDirectory="011d112e-bc8e-4c49-bf44-0ef5c65adabc">
    </UnitTestResult>
    <UnitTestResult executionId="3c00d09c-5b5b-4287-9645-cf832dbc7ada" testId="8a38cc25-b9ac-4172-d9cb-fee8c9344c27" testName="AliveCellWithTwoOrThreeAliveNeighboursStaysAlive" computerName="THEDOLE-ASUS" duration="00:00:00.0003864" startTime="2012-12-18T00:38:19.0222788+01:00" endTime="2012-12-18T00:38:19.0222788+01:00" testType="13cdc9d9-ddb5-4fa4-a97d-d965ccfc6d4b" outcome="Passed" testListId="8c84fa94-04c1-424b-9868-57a2d4851a1d" relativeResultsDirectory="3c00d09c-5b5b-4287-9645-cf832dbc7ada">
    </UnitTestResult>
    <UnitTestResult executionId="3a4464c5-acd6-4f63-af4d-91013e98db38" testId="8abccc33-4866-216c-529f-051cb4fe2e48" testName="DeadCellWithThreeAliveNeighboursBecomesAlive" computerName="THEDOLE-ASUS" duration="00:00:00.0003109" startTime="2012-12-18T00:38:19.0222788+01:00" endTime="2012-12-18T00:38:19.0378788+01:00" testType="13cdc9d9-ddb5-4fa4-a97d-d965ccfc6d4b" outcome="Passed" testListId="8c84fa94-04c1-424b-9868-57a2d4851a1d" relativeResultsDirectory="3a4464c5-acd6-4f63-af4d-91013e98db38">
    </UnitTestResult>
    <UnitTestResult executionId="b1051ada-ba65-472a-8434-a6b54e5fe71e" testId="c3348b1a-f430-4e15-a061-63b1dfd86c4c" testName="DeadCellWithMoreThenThreeAliveNeighboursStaysDead" computerName="THEDOLE-ASUS" duration="00:00:00.0003966" startTime="2012-12-18T00:38:19.0378788+01:00" endTime="2012-12-18T00:38:19.0378788+01:00" testType="13cdc9d9-ddb5-4fa4-a97d-d965ccfc6d4b" outcome="Passed" testListId="8c84fa94-04c1-424b-9868-57a2d4851a1d" relativeResultsDirectory="b1051ada-ba65-472a-8434-a6b54e5fe71e">
    </UnitTestResult>
    <UnitTestResult executionId="e19c72c1-5387-41ea-a9cd-8b7429480587" testId="e6a6b768-0d9f-404e-1089-104d118957f4" testName="AliveNeighbourCountOfEightConnectedNeighboursOn5x5grid" computerName="THEDOLE-ASUS" duration="00:00:00.0009667" startTime="2012-12-18T00:38:19.0378788+01:00" endTime="2012-12-18T00:38:19.0534788+01:00" testType="13cdc9d9-ddb5-4fa4-a97d-d965ccfc6d4b" outcome="Passed" testListId="8c84fa94-04c1-424b-9868-57a2d4851a1d" relativeResultsDirectory="e19c72c1-5387-41ea-a9cd-8b7429480587">
    </UnitTestResult>
  </Results>
</TestRun>