<?xml version="1.0" encoding="UTF-8"?>
<TestRun id="0bd6a764-2abf-4756-b22a-20d2ca83ec26" name="thedole@THEDOLE-ASUS 2012-12-18 00:10:59" runUser="THEDOLE-ASUS\thedole" xmlns="http://microsoft.com/schemas/VisualStudio/TeamTest/2010">
  <TestSettings name="Local" id="168ee60e-43ee-4ad3-b024-3f224d347f6b">
    <Description>These are default test settings for a local test run.</Description>
    <Deployment enabled="false" runDeploymentRoot="thedole_THEDOLE-ASUS 2012-12-18 00_10_59" />
    <Execution>
      <TestTypeSpecific />
      <AgentRule name="Execution Agents">
      </AgentRule>
    </Execution>
  </TestSettings>
  <Times creation="2012-12-18T00:10:59.6985717+01:00" queuing="2012-12-18T00:11:04.2481798+01:00" start="2012-12-18T00:11:04.2637798+01:00" finish="2012-12-18T00:11:05.0281812+01:00" />
  <ResultSummary outcome="Failed">
    <Counters total="8" executed="8" passed="7" error="0" failed="1" timeout="0" aborted="0" inconclusive="0" passedButRunAborted="0" notRunnable="0" notExecuted="0" disconnected="0" warning="0" completed="0" inProgress="0" pending="0" />
  </ResultSummary>
  <TestDefinitions>
    <UnitTest name="DeadCellWithMoreThenThreeAliveNeighboursStaysDead" storage="c:\users\thedole\documents\visual studio 2010\projects\codeplay\gameoflife\gameoflife01\gameoflife01\bin\debug\gameoflife01.dll" id="c3348b1a-f430-4e15-a061-63b1dfd86c4c">
      <Execution id="31204261-59dc-4b8a-81b1-ad5ff1e06ef6" />
      <TestMethod codeBase="C:/Users/thedole/Documents/Visual Studio 2010/Projects/CodePlay/GameOfLife/GameOfLife01/GameOfLife01/bin/Debug/GameOfLife01.DLL" adapterTypeName="Microsoft.VisualStudio.TestTools.TestTypes.Unit.UnitTestAdapter, Microsoft.VisualStudio.QualityTools.Tips.UnitTest.Adapter, Version=10.0.0.0, Culture=neutral, PublicKeyToken=b03f5f7f11d50a3a" className="GameOfLife01.UnitTest1, GameOfLife01, Version=1.0.0.0, Culture=neutral, PublicKeyToken=null" name="DeadCellWithMoreThenThreeAliveNeighboursStaysDead" />
    </UnitTest>
    <UnitTest name="DeadCellWithLessThenThreeAliveNeighboursStaysDead" storage="c:\users\thedole\documents\visual studio 2010\projects\codeplay\gameoflife\gameoflife01\gameoflife01\bin\debug\gameoflife01.dll" id="283489f7-18c4-2334-aa3a-93a2bb2f2335">
      <Execution id="37158d19-242c-4ff5-b211-acf2aff61c81" />
      <TestMethod codeBase="C:/Users/thedole/Documents/Visual Studio 2010/Projects/CodePlay/GameOfLife/GameOfLife01/GameOfLife01/bin/Debug/GameOfLife01.DLL" adapterTypeName="Microsoft.VisualStudio.TestTools.TestTypes.Unit.UnitTestAdapter, Microsoft.VisualStudio.QualityTools.Tips.UnitTest.Adapter, Version=10.0.0.0, Culture=neutral, PublicKeyToken=b03f5f7f11d50a3a" className="GameOfLife01.UnitTest1, GameOfLife01, Version=1.0.0.0, Culture=neutral, PublicKeyToken=null" name="DeadCellWithLessThenThreeAliveNeighboursStaysDead" />
    </UnitTest>
    <UnitTest name="AliveCellWithMoreThenThreeAliveNeigboursDies" storage="c:\users\thedole\documents\visual studio 2010\projects\codeplay\gameoflife\gameoflife01\gameoflife01\bin\debug\gameoflife01.dll" id="3db8c6c5-c2c4-8993-379c-ab3a7719e1ac">
      <Execution id="5eab5567-8322-4f9d-b406-4cfbb30d1ef3" />
      <TestMethod codeBase="C:/Users/thedole/Documents/Visual Studio 2010/Projects/CodePlay/GameOfLife/GameOfLife01/GameOfLife01/bin/Debug/GameOfLife01.DLL" adapterTypeName="Microsoft.VisualStudio.TestTools.TestTypes.Unit.UnitTestAdapter, Microsoft.VisualStudio.QualityTools.Tips.UnitTest.Adapter, Version=10.0.0.0, Culture=neutral, PublicKeyToken=b03f5f7f11d50a3a" className="GameOfLife01.UnitTest1, GameOfLife01, Version=1.0.0.0, Culture=neutral, PublicKeyToken=null" name="AliveCellWithMoreThenThreeAliveNeigboursDies" />
    </UnitTest>
    <UnitTest name="AliveCellWithLessThenTwoAliveNeigboursDies" storage="c:\users\thedole\documents\visual studio 2010\projects\codeplay\gameoflife\gameoflife01\gameoflife01\bin\debug\gameoflife01.dll" id="481d0ecd-35aa-c3b3-a58e-df6acea9d162">
      <Execution id="85c19aa3-2762-43c9-a1fb-807b1ee33552" />
      <TestMethod codeBase="C:/Users/thedole/Documents/Visual Studio 2010/Projects/CodePlay/GameOfLife/GameOfLife01/GameOfLife01/bin/Debug/GameOfLife01.DLL" adapterTypeName="Microsoft.VisualStudio.TestTools.TestTypes.Unit.UnitTestAdapter, Microsoft.VisualStudio.QualityTools.Tips.UnitTest.Adapter, Version=10.0.0.0, Culture=neutral, PublicKeyToken=b03f5f7f11d50a3a" className="GameOfLife01.UnitTest1, GameOfLife01, Version=1.0.0.0, Culture=neutral, PublicKeyToken=null" name="AliveCellWithLessThenTwoAliveNeigboursDies" />
    </UnitTest>
    <UnitTest name="AliveNeighbourCountOfEightConnectedNeighboursOn5x5grid" storage="c:\users\thedole\documents\visual studio 2010\projects\codeplay\gameoflife\gameoflife01\gameoflife01\bin\debug\gameoflife01.dll" id="e6a6b768-0d9f-404e-1089-104d118957f4">
      <Execution id="faf3fe65-ed1c-48f9-87ce-d6e62c1600b4" />
      <TestMethod codeBase="C:/Users/thedole/Documents/Visual Studio 2010/Projects/CodePlay/GameOfLife/GameOfLife01/GameOfLife01/bin/Debug/GameOfLife01.DLL" adapterTypeName="Microsoft.VisualStudio.TestTools.TestTypes.Unit.UnitTestAdapter, Microsoft.VisualStudio.QualityTools.Tips.UnitTest.Adapter, Version=10.0.0.0, Culture=neutral, PublicKeyToken=b03f5f7f11d50a3a" className="GameOfLife01.UnitTest1, GameOfLife01, Version=1.0.0.0, Culture=neutral, PublicKeyToken=null" name="AliveNeighbourCountOfEightConnectedNeighboursOn5x5grid" />
    </UnitTest>
    <UnitTest name="DeadCellWithThreeAliveNeighboursBecomesAlive" storage="c:\users\thedole\documents\visual studio 2010\projects\codeplay\gameoflife\gameoflife01\gameoflife01\bin\debug\gameoflife01.dll" id="8abccc33-4866-216c-529f-051cb4fe2e48">
      <Execution id="cf8df313-d622-4d9f-b457-3df74e70c0ea" />
      <TestMethod codeBase="C:/Users/thedole/Documents/Visual Studio 2010/Projects/CodePlay/GameOfLife/GameOfLife01/GameOfLife01/bin/Debug/GameOfLife01.DLL" adapterTypeName="Microsoft.VisualStudio.TestTools.TestTypes.Unit.UnitTestAdapter, Microsoft.VisualStudio.QualityTools.Tips.UnitTest.Adapter, Version=10.0.0.0, Culture=neutral, PublicKeyToken=b03f5f7f11d50a3a" className="GameOfLife01.UnitTest1, GameOfLife01, Version=1.0.0.0, Culture=neutral, PublicKeyToken=null" name="DeadCellWithThreeAliveNeighboursBecomesAlive" />
    </UnitTest>
    <UnitTest name="AliveNeighbourCountOfEightConnectedNeighboursOn3x3grid" storage="c:\users\thedole\documents\visual studio 2010\projects\codeplay\gameoflife\gameoflife01\gameoflife01\bin\debug\gameoflife01.dll" id="340ef246-e12f-a0f6-d485-f8c93e001dad">
      <Execution id="9b1a7ddd-07ca-4aef-be2b-2aad13d8b6ea" />
      <TestMethod codeBase="C:/Users/thedole/Documents/Visual Studio 2010/Projects/CodePlay/GameOfLife/GameOfLife01/GameOfLife01/bin/Debug/GameOfLife01.DLL" adapterTypeName="Microsoft.VisualStudio.TestTools.TestTypes.Unit.UnitTestAdapter, Microsoft.VisualStudio.QualityTools.Tips.UnitTest.Adapter, Version=10.0.0.0, Culture=neutral, PublicKeyToken=b03f5f7f11d50a3a" className="GameOfLife01.UnitTest1, GameOfLife01, Version=1.0.0.0, Culture=neutral, PublicKeyToken=null" name="AliveNeighbourCountOfEightConnectedNeighboursOn3x3grid" />
    </UnitTest>
    <UnitTest name="AliveCellWithTwoOrThreeAliveNeighboursStaysAlive" storage="c:\users\thedole\documents\visual studio 2010\projects\codeplay\gameoflife\gameoflife01\gameoflife01\bin\debug\gameoflife01.dll" id="8a38cc25-b9ac-4172-d9cb-fee8c9344c27">
      <Execution id="03284f22-2073-4f65-a4fb-5250bc01ee96" />
      <TestMethod codeBase="C:/Users/thedole/Documents/Visual Studio 2010/Projects/CodePlay/GameOfLife/GameOfLife01/GameOfLife01/bin/Debug/GameOfLife01.DLL" adapterTypeName="Microsoft.VisualStudio.TestTools.TestTypes.Unit.UnitTestAdapter, Microsoft.VisualStudio.QualityTools.Tips.UnitTest.Adapter, Version=10.0.0.0, Culture=neutral, PublicKeyToken=b03f5f7f11d50a3a" className="GameOfLife01.UnitTest1, GameOfLife01, Version=1.0.0.0, Culture=neutral, PublicKeyToken=null" name="AliveCellWithTwoOrThreeAliveNeighboursStaysAlive" />
    </UnitTest>
  </TestDefinitions>
  <TestLists>
    <TestList name="Results Not in a List" id="8c84fa94-04c1-424b-9868-57a2d4851a1d" />
    <TestList name="All Loaded Results" id="19431567-8539-422a-85d7-44ee4e166bda" />
  </TestLists>
  <TestEntries>
    <TestEntry testId="283489f7-18c4-2334-aa3a-93a2bb2f2335" executionId="37158d19-242c-4ff5-b211-acf2aff61c81" testListId="8c84fa94-04c1-424b-9868-57a2d4851a1d" />
    <TestEntry testId="340ef246-e12f-a0f6-d485-f8c93e001dad" executionId="9b1a7ddd-07ca-4aef-be2b-2aad13d8b6ea" testListId="8c84fa94-04c1-424b-9868-57a2d4851a1d" />
    <TestEntry testId="3db8c6c5-c2c4-8993-379c-ab3a7719e1ac" executionId="5eab5567-8322-4f9d-b406-4cfbb30d1ef3" testListId="8c84fa94-04c1-424b-9868-57a2d4851a1d" />
    <TestEntry testId="481d0ecd-35aa-c3b3-a58e-df6acea9d162" executionId="85c19aa3-2762-43c9-a1fb-807b1ee33552" testListId="8c84fa94-04c1-424b-9868-57a2d4851a1d" />
    <TestEntry testId="8a38cc25-b9ac-4172-d9cb-fee8c9344c27" executionId="03284f22-2073-4f65-a4fb-5250bc01ee96" testListId="8c84fa94-04c1-424b-9868-57a2d4851a1d" />
    <TestEntry testId="8abccc33-4866-216c-529f-051cb4fe2e48" executionId="cf8df313-d622-4d9f-b457-3df74e70c0ea" testListId="8c84fa94-04c1-424b-9868-57a2d4851a1d" />
    <TestEntry testId="c3348b1a-f430-4e15-a061-63b1dfd86c4c" executionId="31204261-59dc-4b8a-81b1-ad5ff1e06ef6" testListId="8c84fa94-04c1-424b-9868-57a2d4851a1d" />
    <TestEntry testId="e6a6b768-0d9f-404e-1089-104d118957f4" executionId="faf3fe65-ed1c-48f9-87ce-d6e62c1600b4" testListId="8c84fa94-04c1-424b-9868-57a2d4851a1d" />
  </TestEntries>
  <Results>
    <UnitTestResult executionId="37158d19-242c-4ff5-b211-acf2aff61c81" testId="283489f7-18c4-2334-aa3a-93a2bb2f2335" testName="DeadCellWithLessThenThreeAliveNeighboursStaysDead" computerName="THEDOLE-ASUS" duration="00:00:00.0392155" startTime="2012-12-18T00:11:04.2637798+01:00" endTime="2012-12-18T00:11:04.8877809+01:00" testType="13cdc9d9-ddb5-4fa4-a97d-d965ccfc6d4b" outcome="Passed" testListId="8c84fa94-04c1-424b-9868-57a2d4851a1d" relativeResultsDirectory="37158d19-242c-4ff5-b211-acf2aff61c81">
    </UnitTestResult>
    <UnitTestResult executionId="9b1a7ddd-07ca-4aef-be2b-2aad13d8b6ea" testId="340ef246-e12f-a0f6-d485-f8c93e001dad" testName="AliveNeighbourCountOfEightConnectedNeighboursOn3x3grid" computerName="THEDOLE-ASUS" duration="00:00:00.0023533" startTime="2012-12-18T00:11:04.9033809+01:00" endTime="2012-12-18T00:11:04.9033809+01:00" testType="13cdc9d9-ddb5-4fa4-a97d-d965ccfc6d4b" outcome="Passed" testListId="8c84fa94-04c1-424b-9868-57a2d4851a1d" relativeResultsDirectory="9b1a7ddd-07ca-4aef-be2b-2aad13d8b6ea">
    </UnitTestResult>
    <UnitTestResult executionId="5eab5567-8322-4f9d-b406-4cfbb30d1ef3" testId="3db8c6c5-c2c4-8993-379c-ab3a7719e1ac" testName="AliveCellWithMoreThenThreeAliveNeigboursDies" computerName="THEDOLE-ASUS" duration="00:00:00.0004756" startTime="2012-12-18T00:11:04.9033809+01:00" endTime="2012-12-18T00:11:04.9189810+01:00" testType="13cdc9d9-ddb5-4fa4-a97d-d965ccfc6d4b" outcome="Passed" testListId="8c84fa94-04c1-424b-9868-57a2d4851a1d" relativeResultsDirectory="5eab5567-8322-4f9d-b406-4cfbb30d1ef3">
    </UnitTestResult>
    <UnitTestResult executionId="85c19aa3-2762-43c9-a1fb-807b1ee33552" testId="481d0ecd-35aa-c3b3-a58e-df6acea9d162" testName="AliveCellWithLessThenTwoAliveNeigboursDies" computerName="THEDOLE-ASUS" duration="00:00:00.0004710" startTime="2012-12-18T00:11:04.9189810+01:00" endTime="2012-12-18T00:11:04.9189810+01:00" testType="13cdc9d9-ddb5-4fa4-a97d-d965ccfc6d4b" outcome="Passed" testListId="8c84fa94-04c1-424b-9868-57a2d4851a1d" relativeResultsDirectory="85c19aa3-2762-43c9-a1fb-807b1ee33552">
    </UnitTestResult>
    <UnitTestResult executionId="03284f22-2073-4f65-a4fb-5250bc01ee96" testId="8a38cc25-b9ac-4172-d9cb-fee8c9344c27" testName="AliveCellWithTwoOrThreeAliveNeighboursStaysAlive" computerName="THEDOLE-ASUS" duration="00:00:00.0004602" startTime="2012-12-18T00:11:04.9345810+01:00" endTime="2012-12-18T00:11:04.9345810+01:00" testType="13cdc9d9-ddb5-4fa4-a97d-d965ccfc6d4b" outcome="Passed" testListId="8c84fa94-04c1-424b-9868-57a2d4851a1d" relativeResultsDirectory="03284f22-2073-4f65-a4fb-5250bc01ee96">
    </UnitTestResult>
    <UnitTestResult executionId="cf8df313-d622-4d9f-b457-3df74e70c0ea" testId="8abccc33-4866-216c-529f-051cb4fe2e48" testName="DeadCellWithThreeAliveNeighboursBecomesAlive" computerName="THEDOLE-ASUS" duration="00:00:00.0004161" startTime="2012-12-18T00:11:04.9345810+01:00" endTime="2012-12-18T00:11:04.9501810+01:00" testType="13cdc9d9-ddb5-4fa4-a97d-d965ccfc6d4b" outcome="Passed" testListId="8c84fa94-04c1-424b-9868-57a2d4851a1d" relativeResultsDirectory="cf8df313-d622-4d9f-b457-3df74e70c0ea">
    </UnitTestResult>
    <UnitTestResult executionId="31204261-59dc-4b8a-81b1-ad5ff1e06ef6" testId="c3348b1a-f430-4e15-a061-63b1dfd86c4c" testName="DeadCellWithMoreThenThreeAliveNeighboursStaysDead" computerName="THEDOLE-ASUS" duration="00:00:00.0004710" startTime="2012-12-18T00:11:04.9501810+01:00" endTime="2012-12-18T00:11:04.9501810+01:00" testType="13cdc9d9-ddb5-4fa4-a97d-d965ccfc6d4b" outcome="Passed" testListId="8c84fa94-04c1-424b-9868-57a2d4851a1d" relativeResultsDirectory="31204261-59dc-4b8a-81b1-ad5ff1e06ef6">
    </UnitTestResult>
    <UnitTestResult executionId="faf3fe65-ed1c-48f9-87ce-d6e62c1600b4" testId="e6a6b768-0d9f-404e-1089-104d118957f4" testName="AliveNeighbourCountOfEightConnectedNeighboursOn5x5grid" computerName="THEDOLE-ASUS" duration="00:00:00.0329207" startTime="2012-12-18T00:11:04.9501810+01:00" endTime="2012-12-18T00:11:04.9969811+01:00" testType="13cdc9d9-ddb5-4fa4-a97d-d965ccfc6d4b" outcome="Failed" testListId="8c84fa94-04c1-424b-9868-57a2d4851a1d" relativeResultsDirectory="faf3fe65-ed1c-48f9-87ce-d6e62c1600b4">
      <Output>
        <ErrorInfo>
          <Message>Assert.AreEqual failed. Expected:&lt;0&gt;. Actual:&lt;1&gt;. </Message>
          <StackTrace>   at GameOfLife01.UnitTest1.AliveNeighbourCountOfEightConnectedNeighboursOn5x5grid() in C:\Users\thedole\Documents\Visual Studio 2010\Projects\CodePlay\GameOfLife\GameOfLife01\GameOfLife01\UnitTest1.cs:line 82
</StackTrace>
        </ErrorInfo>
      </Output>
    </UnitTestResult>
  </Results>
</TestRun>