<?xml version="1.0" encoding="UTF-8"?>
<TestRun id="a00b5a16-cb9e-439e-804d-0bcd06046220" name="thedole@THEDOLE-ASUS 2012-12-18 00:17:03" runUser="THEDOLE-ASUS\thedole" xmlns="http://microsoft.com/schemas/VisualStudio/TeamTest/2010">
  <TestSettings name="Local" id="168ee60e-43ee-4ad3-b024-3f224d347f6b">
    <Description>These are default test settings for a local test run.</Description>
    <Deployment enabled="false" runDeploymentRoot="thedole_THEDOLE-ASUS 2012-12-18 00_17_03" />
    <Execution>
      <TestTypeSpecific />
      <AgentRule name="Execution Agents">
      </AgentRule>
    </Execution>
  </TestSettings>
  <Times creation="2012-12-18T00:17:03.1892470+01:00" queuing="2012-12-18T00:17:03.7040479+01:00" start="2012-12-18T00:17:03.7976481+01:00" finish="2012-12-18T00:17:04.9208501+01:00" />
  <ResultSummary outcome="Failed">
    <Counters total="8" executed="8" passed="7" error="0" failed="1" timeout="0" aborted="0" inconclusive="0" passedButRunAborted="0" notRunnable="0" notExecuted="0" disconnected="0" warning="0" completed="0" inProgress="0" pending="0" />
  </ResultSummary>
  <TestDefinitions>
    <UnitTest name="DeadCellWithMoreThenThreeAliveNeighboursStaysDead" storage="c:\users\thedole\documents\visual studio 2010\projects\codeplay\gameoflife\gameoflife01\gameoflife01\bin\debug\gameoflife01.dll" id="c3348b1a-f430-4e15-a061-63b1dfd86c4c">
      <Execution id="49e90fbc-d3f2-499c-92a0-aa032941307d" />
      <TestMethod codeBase="C:/Users/thedole/Documents/Visual Studio 2010/Projects/CodePlay/GameOfLife/GameOfLife01/GameOfLife01/bin/Debug/GameOfLife01.DLL" adapterTypeName="Microsoft.VisualStudio.TestTools.TestTypes.Unit.UnitTestAdapter, Microsoft.VisualStudio.QualityTools.Tips.UnitTest.Adapter, Version=10.0.0.0, Culture=neutral, PublicKeyToken=b03f5f7f11d50a3a" className="GameOfLife01.UnitTest1, GameOfLife01, Version=1.0.0.0, Culture=neutral, PublicKeyToken=null" name="DeadCellWithMoreThenThreeAliveNeighboursStaysDead" />
    </UnitTest>
    <UnitTest name="DeadCellWithLessThenThreeAliveNeighboursStaysDead" storage="c:\users\thedole\documents\visual studio 2010\projects\codeplay\gameoflife\gameoflife01\gameoflife01\bin\debug\gameoflife01.dll" id="283489f7-18c4-2334-aa3a-93a2bb2f2335">
      <Execution id="0a868723-eaac-4fd6-ba7b-11c26b597bbe" />
      <TestMethod codeBase="C:/Users/thedole/Documents/Visual Studio 2010/Projects/CodePlay/GameOfLife/GameOfLife01/GameOfLife01/bin/Debug/GameOfLife01.DLL" adapterTypeName="Microsoft.VisualStudio.TestTools.TestTypes.Unit.UnitTestAdapter, Microsoft.VisualStudio.QualityTools.Tips.UnitTest.Adapter, Version=10.0.0.0, Culture=neutral, PublicKeyToken=b03f5f7f11d50a3a" className="GameOfLife01.UnitTest1, GameOfLife01, Version=1.0.0.0, Culture=neutral, PublicKeyToken=null" name="DeadCellWithLessThenThreeAliveNeighboursStaysDead" />
    </UnitTest>
    <UnitTest name="AliveCellWithMoreThenThreeAliveNeigboursDies" storage="c:\users\thedole\documents\visual studio 2010\projects\codeplay\gameoflife\gameoflife01\gameoflife01\bin\debug\gameoflife01.dll" id="3db8c6c5-c2c4-8993-379c-ab3a7719e1ac">
      <Execution id="5124d9d2-1610-4b33-9b9f-968053f3b807" />
      <TestMethod codeBase="C:/Users/thedole/Documents/Visual Studio 2010/Projects/CodePlay/GameOfLife/GameOfLife01/GameOfLife01/bin/Debug/GameOfLife01.DLL" adapterTypeName="Microsoft.VisualStudio.TestTools.TestTypes.Unit.UnitTestAdapter, Microsoft.VisualStudio.QualityTools.Tips.UnitTest.Adapter, Version=10.0.0.0, Culture=neutral, PublicKeyToken=b03f5f7f11d50a3a" className="GameOfLife01.UnitTest1, GameOfLife01, Version=1.0.0.0, Culture=neutral, PublicKeyToken=null" name="AliveCellWithMoreThenThreeAliveNeigboursDies" />
    </UnitTest>
    <UnitTest name="AliveCellWithLessThenTwoAliveNeigboursDies" storage="c:\users\thedole\documents\visual studio 2010\projects\codeplay\gameoflife\gameoflife01\gameoflife01\bin\debug\gameoflife01.dll" id="481d0ecd-35aa-c3b3-a58e-df6acea9d162">
      <Execution id="ca2e2e05-ddb5-47e6-bd81-179869cad2ee" />
      <TestMethod codeBase="C:/Users/thedole/Documents/Visual Studio 2010/Projects/CodePlay/GameOfLife/GameOfLife01/GameOfLife01/bin/Debug/GameOfLife01.DLL" adapterTypeName="Microsoft.VisualStudio.TestTools.TestTypes.Unit.UnitTestAdapter, Microsoft.VisualStudio.QualityTools.Tips.UnitTest.Adapter, Version=10.0.0.0, Culture=neutral, PublicKeyToken=b03f5f7f11d50a3a" className="GameOfLife01.UnitTest1, GameOfLife01, Version=1.0.0.0, Culture=neutral, PublicKeyToken=null" name="AliveCellWithLessThenTwoAliveNeigboursDies" />
    </UnitTest>
    <UnitTest name="AliveNeighbourCountOfEightConnectedNeighboursOn5x5grid" storage="c:\users\thedole\documents\visual studio 2010\projects\codeplay\gameoflife\gameoflife01\gameoflife01\bin\debug\gameoflife01.dll" id="e6a6b768-0d9f-404e-1089-104d118957f4">
      <Execution id="715cd1ef-2027-47b4-aaef-37c68b64794b" />
      <TestMethod codeBase="C:/Users/thedole/Documents/Visual Studio 2010/Projects/CodePlay/GameOfLife/GameOfLife01/GameOfLife01/bin/Debug/GameOfLife01.DLL" adapterTypeName="Microsoft.VisualStudio.TestTools.TestTypes.Unit.UnitTestAdapter, Microsoft.VisualStudio.QualityTools.Tips.UnitTest.Adapter, Version=10.0.0.0, Culture=neutral, PublicKeyToken=b03f5f7f11d50a3a" className="GameOfLife01.UnitTest1, GameOfLife01, Version=1.0.0.0, Culture=neutral, PublicKeyToken=null" name="AliveNeighbourCountOfEightConnectedNeighboursOn5x5grid" />
    </UnitTest>
    <UnitTest name="DeadCellWithThreeAliveNeighboursBecomesAlive" storage="c:\users\thedole\documents\visual studio 2010\projects\codeplay\gameoflife\gameoflife01\gameoflife01\bin\debug\gameoflife01.dll" id="8abccc33-4866-216c-529f-051cb4fe2e48">
      <Execution id="2c87ce98-1dc4-46d3-a5ba-317592e86210" />
      <TestMethod codeBase="C:/Users/thedole/Documents/Visual Studio 2010/Projects/CodePlay/GameOfLife/GameOfLife01/GameOfLife01/bin/Debug/GameOfLife01.DLL" adapterTypeName="Microsoft.VisualStudio.TestTools.TestTypes.Unit.UnitTestAdapter, Microsoft.VisualStudio.QualityTools.Tips.UnitTest.Adapter, Version=10.0.0.0, Culture=neutral, PublicKeyToken=b03f5f7f11d50a3a" className="GameOfLife01.UnitTest1, GameOfLife01, Version=1.0.0.0, Culture=neutral, PublicKeyToken=null" name="DeadCellWithThreeAliveNeighboursBecomesAlive" />
    </UnitTest>
    <UnitTest name="AliveNeighbourCountOfEightConnectedNeighboursOn3x3grid" storage="c:\users\thedole\documents\visual studio 2010\projects\codeplay\gameoflife\gameoflife01\gameoflife01\bin\debug\gameoflife01.dll" id="340ef246-e12f-a0f6-d485-f8c93e001dad">
      <Execution id="ec8c7330-9fa0-405b-b861-c06940a242ce" />
      <TestMethod codeBase="C:/Users/thedole/Documents/Visual Studio 2010/Projects/CodePlay/GameOfLife/GameOfLife01/GameOfLife01/bin/Debug/GameOfLife01.DLL" adapterTypeName="Microsoft.VisualStudio.TestTools.TestTypes.Unit.UnitTestAdapter, Microsoft.VisualStudio.QualityTools.Tips.UnitTest.Adapter, Version=10.0.0.0, Culture=neutral, PublicKeyToken=b03f5f7f11d50a3a" className="GameOfLife01.UnitTest1, GameOfLife01, Version=1.0.0.0, Culture=neutral, PublicKeyToken=null" name="AliveNeighbourCountOfEightConnectedNeighboursOn3x3grid" />
    </UnitTest>
    <UnitTest name="AliveCellWithTwoOrThreeAliveNeighboursStaysAlive" storage="c:\users\thedole\documents\visual studio 2010\projects\codeplay\gameoflife\gameoflife01\gameoflife01\bin\debug\gameoflife01.dll" id="8a38cc25-b9ac-4172-d9cb-fee8c9344c27">
      <Execution id="af4e2ab3-667e-4c38-8ef4-0b7de3a010ff" />
      <TestMethod codeBase="C:/Users/thedole/Documents/Visual Studio 2010/Projects/CodePlay/GameOfLife/GameOfLife01/GameOfLife01/bin/Debug/GameOfLife01.DLL" adapterTypeName="Microsoft.VisualStudio.TestTools.TestTypes.Unit.UnitTestAdapter, Microsoft.VisualStudio.QualityTools.Tips.UnitTest.Adapter, Version=10.0.0.0, Culture=neutral, PublicKeyToken=b03f5f7f11d50a3a" className="GameOfLife01.UnitTest1, GameOfLife01, Version=1.0.0.0, Culture=neutral, PublicKeyToken=null" name="AliveCellWithTwoOrThreeAliveNeighboursStaysAlive" />
    </UnitTest>
  </TestDefinitions>
  <TestLists>
    <TestList name="Results Not in a List" id="8c84fa94-04c1-424b-9868-57a2d4851a1d" />
    <TestList name="All Loaded Results" id="19431567-8539-422a-85d7-44ee4e166bda" />
  </TestLists>
  <TestEntries>
    <TestEntry testId="283489f7-18c4-2334-aa3a-93a2bb2f2335" executionId="0a868723-eaac-4fd6-ba7b-11c26b597bbe" testListId="8c84fa94-04c1-424b-9868-57a2d4851a1d" />
    <TestEntry testId="340ef246-e12f-a0f6-d485-f8c93e001dad" executionId="ec8c7330-9fa0-405b-b861-c06940a242ce" testListId="8c84fa94-04c1-424b-9868-57a2d4851a1d" />
    <TestEntry testId="3db8c6c5-c2c4-8993-379c-ab3a7719e1ac" executionId="5124d9d2-1610-4b33-9b9f-968053f3b807" testListId="8c84fa94-04c1-424b-9868-57a2d4851a1d" />
    <TestEntry testId="481d0ecd-35aa-c3b3-a58e-df6acea9d162" executionId="ca2e2e05-ddb5-47e6-bd81-179869cad2ee" testListId="8c84fa94-04c1-424b-9868-57a2d4851a1d" />
    <TestEntry testId="8a38cc25-b9ac-4172-d9cb-fee8c9344c27" executionId="af4e2ab3-667e-4c38-8ef4-0b7de3a010ff" testListId="8c84fa94-04c1-424b-9868-57a2d4851a1d" />
    <TestEntry testId="8abccc33-4866-216c-529f-051cb4fe2e48" executionId="2c87ce98-1dc4-46d3-a5ba-317592e86210" testListId="8c84fa94-04c1-424b-9868-57a2d4851a1d" />
    <TestEntry testId="c3348b1a-f430-4e15-a061-63b1dfd86c4c" executionId="49e90fbc-d3f2-499c-92a0-aa032941307d" testListId="8c84fa94-04c1-424b-9868-57a2d4851a1d" />
    <TestEntry testId="e6a6b768-0d9f-404e-1089-104d118957f4" executionId="715cd1ef-2027-47b4-aaef-37c68b64794b" testListId="8c84fa94-04c1-424b-9868-57a2d4851a1d" />
  </TestEntries>
  <Results>
    <UnitTestResult executionId="0a868723-eaac-4fd6-ba7b-11c26b597bbe" testId="283489f7-18c4-2334-aa3a-93a2bb2f2335" testName="DeadCellWithLessThenThreeAliveNeighboursStaysDead" computerName="THEDOLE-ASUS" duration="00:00:00.0347152" startTime="2012-12-18T00:17:03.8288482+01:00" endTime="2012-12-18T00:17:04.7024497+01:00" testType="13cdc9d9-ddb5-4fa4-a97d-d965ccfc6d4b" outcome="Passed" testListId="8c84fa94-04c1-424b-9868-57a2d4851a1d" relativeResultsDirectory="0a868723-eaac-4fd6-ba7b-11c26b597bbe">
    </UnitTestResult>
    <UnitTestResult executionId="ec8c7330-9fa0-405b-b861-c06940a242ce" testId="340ef246-e12f-a0f6-d485-f8c93e001dad" testName="AliveNeighbourCountOfEightConnectedNeighboursOn3x3grid" computerName="THEDOLE-ASUS" duration="00:00:00.0257325" startTime="2012-12-18T00:17:04.7024497+01:00" endTime="2012-12-18T00:17:04.7336498+01:00" testType="13cdc9d9-ddb5-4fa4-a97d-d965ccfc6d4b" outcome="Passed" testListId="8c84fa94-04c1-424b-9868-57a2d4851a1d" relativeResultsDirectory="ec8c7330-9fa0-405b-b861-c06940a242ce">
    </UnitTestResult>
    <UnitTestResult executionId="5124d9d2-1610-4b33-9b9f-968053f3b807" testId="3db8c6c5-c2c4-8993-379c-ab3a7719e1ac" testName="AliveCellWithMoreThenThreeAliveNeigboursDies" computerName="THEDOLE-ASUS" duration="00:00:00.0004880" startTime="2012-12-18T00:17:04.7492498+01:00" endTime="2012-12-18T00:17:04.7492498+01:00" testType="13cdc9d9-ddb5-4fa4-a97d-d965ccfc6d4b" outcome="Passed" testListId="8c84fa94-04c1-424b-9868-57a2d4851a1d" relativeResultsDirectory="5124d9d2-1610-4b33-9b9f-968053f3b807">
    </UnitTestResult>
    <UnitTestResult executionId="ca2e2e05-ddb5-47e6-bd81-179869cad2ee" testId="481d0ecd-35aa-c3b3-a58e-df6acea9d162" testName="AliveCellWithLessThenTwoAliveNeigboursDies" computerName="THEDOLE-ASUS" duration="00:00:00.0004782" startTime="2012-12-18T00:17:04.7492498+01:00" endTime="2012-12-18T00:17:04.7648498+01:00" testType="13cdc9d9-ddb5-4fa4-a97d-d965ccfc6d4b" outcome="Passed" testListId="8c84fa94-04c1-424b-9868-57a2d4851a1d" relativeResultsDirectory="ca2e2e05-ddb5-47e6-bd81-179869cad2ee">
    </UnitTestResult>
    <UnitTestResult executionId="af4e2ab3-667e-4c38-8ef4-0b7de3a010ff" testId="8a38cc25-b9ac-4172-d9cb-fee8c9344c27" testName="AliveCellWithTwoOrThreeAliveNeighboursStaysAlive" computerName="THEDOLE-ASUS" duration="00:00:00.0004587" startTime="2012-12-18T00:17:04.7648498+01:00" endTime="2012-12-18T00:17:04.7648498+01:00" testType="13cdc9d9-ddb5-4fa4-a97d-d965ccfc6d4b" outcome="Passed" testListId="8c84fa94-04c1-424b-9868-57a2d4851a1d" relativeResultsDirectory="af4e2ab3-667e-4c38-8ef4-0b7de3a010ff">
    </UnitTestResult>
    <UnitTestResult executionId="2c87ce98-1dc4-46d3-a5ba-317592e86210" testId="8abccc33-4866-216c-529f-051cb4fe2e48" testName="DeadCellWithThreeAliveNeighboursBecomesAlive" computerName="THEDOLE-ASUS" duration="00:00:00.0003761" startTime="2012-12-18T00:17:04.7648498+01:00" endTime="2012-12-18T00:17:04.7804498+01:00" testType="13cdc9d9-ddb5-4fa4-a97d-d965ccfc6d4b" outcome="Passed" testListId="8c84fa94-04c1-424b-9868-57a2d4851a1d" relativeResultsDirectory="2c87ce98-1dc4-46d3-a5ba-317592e86210">
    </UnitTestResult>
    <UnitTestResult executionId="49e90fbc-d3f2-499c-92a0-aa032941307d" testId="c3348b1a-f430-4e15-a061-63b1dfd86c4c" testName="DeadCellWithMoreThenThreeAliveNeighboursStaysDead" computerName="THEDOLE-ASUS" duration="00:00:00.0004869" startTime="2012-12-18T00:17:04.7804498+01:00" endTime="2012-12-18T00:17:04.7960499+01:00" testType="13cdc9d9-ddb5-4fa4-a97d-d965ccfc6d4b" outcome="Passed" testListId="8c84fa94-04c1-424b-9868-57a2d4851a1d" relativeResultsDirectory="49e90fbc-d3f2-499c-92a0-aa032941307d">
    </UnitTestResult>
    <UnitTestResult executionId="715cd1ef-2027-47b4-aaef-37c68b64794b" testId="e6a6b768-0d9f-404e-1089-104d118957f4" testName="AliveNeighbourCountOfEightConnectedNeighboursOn5x5grid" computerName="THEDOLE-ASUS" duration="00:00:00.0463791" startTime="2012-12-18T00:17:04.7960499+01:00" endTime="2012-12-18T00:17:04.8428499+01:00" testType="13cdc9d9-ddb5-4fa4-a97d-d965ccfc6d4b" outcome="Failed" testListId="8c84fa94-04c1-424b-9868-57a2d4851a1d" relativeResultsDirectory="715cd1ef-2027-47b4-aaef-37c68b64794b">
      <Output>
        <ErrorInfo>
          <Message>Assert.AreEqual failed. Expected:&lt;0&gt;. Actual:&lt;1&gt;. </Message>
          <StackTrace>   at GameOfLife01.UnitTest1.AliveNeighbourCountOfEightConnectedNeighboursOn5x5grid() in C:\Users\thedole\Documents\Visual Studio 2010\Projects\CodePlay\GameOfLife\GameOfLife01\GameOfLife01\UnitTest1.cs:line 82
</StackTrace>
        </ErrorInfo>
      </Output>
    </UnitTestResult>
  </Results>
</TestRun>