<?xml version="1.0" encoding="UTF-8"?>
<TestRun id="c270d97c-3cdc-407d-896d-c65ab213d9a5" name="thedole@THEDOLE-ASUS 2012-12-19 20:02:04" runUser="THEDOLE-ASUS\thedole" xmlns="http://microsoft.com/schemas/VisualStudio/TeamTest/2010">
  <TestSettings name="Local" id="168ee60e-43ee-4ad3-b024-3f224d347f6b">
    <Description>These are default test settings for a local test run.</Description>
    <Deployment userDeploymentRoot="C:\Users\thedole\Documents\Visual Studio 2010\Projects\CodePlay\GameOfLife\GameOfLife01\TestResults" useDefaultDeploymentRoot="false" enabled="false" runDeploymentRoot="thedole_THEDOLE-ASUS 2012-12-19 20_02_04" />
    <Execution>
      <TestTypeSpecific />
      <AgentRule name="Execution Agents">
      </AgentRule>
    </Execution>
  </TestSettings>
  <Times creation="2012-12-19T20:02:04.9792522+01:00" queuing="2012-12-19T20:02:08.0634286+01:00" start="2012-12-19T20:02:08.5664574+01:00" finish="2012-12-19T20:09:27.5180754+01:00" />
  <ResultSummary outcome="Error">
    <Counters total="1" executed="1" error="0" failed="0" timeout="0" aborted="1" inconclusive="0" passedButRunAborted="0" notRunnable="0" notExecuted="0" disconnected="0" warning="0" passed="0" completed="0" inProgress="0" pending="0" />
    <RunInfos>
      <RunInfo computerName="THEDOLE-ASUS" outcome="Error" timestamp="2012-12-19T20:09:27.5150752+01:00">
        <Text>Test host process exited unexpectedly.</Text>
      </RunInfo>
    </RunInfos>
  </ResultSummary>
  <TestDefinitions>
    <UnitTest name="AliveNeighbourCountOfBorderPixel" storage="c:\users\thedole\documents\visual studio 2010\projects\codeplay\gameoflife\gameoflife01\gameoflife01\bin\debug\gameoflife01.dll" id="4d851a36-a238-74ed-1c5d-653addd908a4">
      <Execution id="709cdc0e-38d5-4f16-a157-24520c5846cc" />
      <TestMethod codeBase="C:/Users/thedole/Documents/Visual Studio 2010/Projects/CodePlay/GameOfLife/GameOfLife01/GameOfLife01/bin/Debug/GameOfLife01.DLL" adapterTypeName="Microsoft.VisualStudio.TestTools.TestTypes.Unit.UnitTestAdapter, Microsoft.VisualStudio.QualityTools.Tips.UnitTest.Adapter, Version=10.0.0.0, Culture=neutral, PublicKeyToken=b03f5f7f11d50a3a" className="GameOfLife01.UnitTest1, GameOfLife01, Version=1.0.0.0, Culture=neutral, PublicKeyToken=null" name="AliveNeighbourCountOfBorderPixel" />
    </UnitTest>
  </TestDefinitions>
  <TestLists>
    <TestList name="Results Not in a List" id="8c84fa94-04c1-424b-9868-57a2d4851a1d" />
    <TestList name="All Loaded Results" id="19431567-8539-422a-85d7-44ee4e166bda" />
  </TestLists>
  <TestEntries>
    <TestEntry testId="4d851a36-a238-74ed-1c5d-653addd908a4" executionId="709cdc0e-38d5-4f16-a157-24520c5846cc" testListId="8c84fa94-04c1-424b-9868-57a2d4851a1d" />
  </TestEntries>
  <Results>
    <UnitTestResult executionId="709cdc0e-38d5-4f16-a157-24520c5846cc" testId="4d851a36-a238-74ed-1c5d-653addd908a4" testName="AliveNeighbourCountOfBorderPixel" computerName="THEDOLE-ASUS" duration="00:07:17.9677860" startTime="2012-12-19T20:02:09.5502894+01:00" endTime="2012-12-19T20:09:27.5180754+01:00" testType="13cdc9d9-ddb5-4fa4-a97d-d965ccfc6d4b" outcome="Aborted" testListId="8c84fa94-04c1-424b-9868-57a2d4851a1d" relativeResultsDirectory="709cdc0e-38d5-4f16-a157-24520c5846cc">
    </UnitTestResult>
  </Results>
</TestRun>