<?xml version="1.0" encoding="UTF-8"?>
<TestRun id="79fd8524-85fd-48fa-b0f6-0d0f5c6ffe65" name="thedole@THEDOLE-ASUS 2012-12-19 19:48:14" runUser="THEDOLE-ASUS\thedole" xmlns="http://microsoft.com/schemas/VisualStudio/TeamTest/2010">
  <TestSettings name="Local" id="168ee60e-43ee-4ad3-b024-3f224d347f6b">
    <Description>These are default test settings for a local test run.</Description>
    <Deployment userDeploymentRoot="C:\Users\thedole\Documents\Visual Studio 2010\Projects\CodePlay\GameOfLife\GameOfLife01\TestResults" useDefaultDeploymentRoot="false" enabled="false" runDeploymentRoot="thedole_THEDOLE-ASUS 2012-12-19 19_48_14" />
    <Execution>
      <TestTypeSpecific />
      <AgentRule name="Execution Agents">
      </AgentRule>
    </Execution>
  </TestSettings>
  <Times creation="2012-12-19T19:48:14.1675673+01:00" queuing="2012-12-19T19:48:17.9583740+01:00" start="2012-12-19T19:48:18.4887749+01:00" finish="2012-12-19T20:01:55.3154074+01:00" />
  <ResultSummary outcome="Error">
    <Counters total="1" executed="1" error="0" failed="0" timeout="0" aborted="1" inconclusive="0" passedButRunAborted="0" notRunnable="0" notExecuted="0" disconnected="0" warning="0" passed="0" completed="0" inProgress="0" pending="0" />
    <RunInfos>
      <RunInfo computerName="THEDOLE-ASUS" outcome="Error" timestamp="2012-12-19T20:01:55.3144073+01:00">
        <Text>Test host process exited unexpectedly.</Text>
      </RunInfo>
    </RunInfos>
  </ResultSummary>
  <TestDefinitions>
    <UnitTest name="AliveNeighbourCountOfBorderPixel" storage="c:\users\thedole\documents\visual studio 2010\projects\codeplay\gameoflife\gameoflife01\gameoflife01\bin\debug\gameoflife01.dll" id="4d851a36-a238-74ed-1c5d-653addd908a4">
      <Execution id="0423a761-735d-43e7-815a-4881cd300187" />
      <TestMethod codeBase="C:/Users/thedole/Documents/Visual Studio 2010/Projects/CodePlay/GameOfLife/GameOfLife01/GameOfLife01/bin/Debug/GameOfLife01.DLL" adapterTypeName="Microsoft.VisualStudio.TestTools.TestTypes.Unit.UnitTestAdapter, Microsoft.VisualStudio.QualityTools.Tips.UnitTest.Adapter, Version=10.0.0.0, Culture=neutral, PublicKeyToken=b03f5f7f11d50a3a" className="GameOfLife01.UnitTest1, GameOfLife01, Version=1.0.0.0, Culture=neutral, PublicKeyToken=null" name="AliveNeighbourCountOfBorderPixel" />
    </UnitTest>
  </TestDefinitions>
  <TestLists>
    <TestList name="Results Not in a List" id="8c84fa94-04c1-424b-9868-57a2d4851a1d" />
    <TestList name="All Loaded Results" id="19431567-8539-422a-85d7-44ee4e166bda" />
  </TestLists>
  <TestEntries>
    <TestEntry testId="4d851a36-a238-74ed-1c5d-653addd908a4" executionId="0423a761-735d-43e7-815a-4881cd300187" testListId="8c84fa94-04c1-424b-9868-57a2d4851a1d" />
  </TestEntries>
  <Results>
    <UnitTestResult executionId="0423a761-735d-43e7-815a-4881cd300187" testId="4d851a36-a238-74ed-1c5d-653addd908a4" testName="AliveNeighbourCountOfBorderPixel" computerName="THEDOLE-ASUS" duration="00:13:36.2026314" startTime="2012-12-19T19:48:19.1127760+01:00" endTime="2012-12-19T20:01:55.3154074+01:00" testType="13cdc9d9-ddb5-4fa4-a97d-d965ccfc6d4b" outcome="Aborted" testListId="8c84fa94-04c1-424b-9868-57a2d4851a1d" relativeResultsDirectory="0423a761-735d-43e7-815a-4881cd300187">
    </UnitTestResult>
  </Results>
</TestRun>