<?xml version="1.0" encoding="UTF-8"?>
<TestRun id="a9b72801-fbcb-4ae7-a046-32ddc5cc1919" name="thedole@THEDOLE-ASUS 2012-12-19 20:27:01" runUser="THEDOLE-ASUS\thedole" xmlns="http://microsoft.com/schemas/VisualStudio/TeamTest/2010">
  <TestSettings name="Local" id="168ee60e-43ee-4ad3-b024-3f224d347f6b">
    <Description>These are default test settings for a local test run.</Description>
    <Deployment enabled="false" runDeploymentRoot="thedole_THEDOLE-ASUS 2012-12-19 20_27_01">
      <DeploymentItem filename="C:\Users\thedole\Documents\Visual Studio 2010\Projects\CodePlay\GameOfLife\GameOfLife01\GameOfLifeLib\bin\Debug\GameOfLifeLib.dll" />
    </Deployment>
    <Execution>
      <TestTypeSpecific />
      <AgentRule name="Execution Agents">
      </AgentRule>
    </Execution>
  </TestSettings>
  <Times creation="2012-12-19T20:27:01.5811311+01:00" queuing="2012-12-19T20:27:02.0961606+01:00" start="2012-12-19T20:27:02.1951663+01:00" finish="2012-12-19T20:27:03.2306091+01:00" />
  <ResultSummary outcome="Failed">
    <Counters total="9" executed="9" passed="8" error="0" failed="1" timeout="0" aborted="0" inconclusive="0" passedButRunAborted="0" notRunnable="0" notExecuted="0" disconnected="0" warning="0" completed="0" inProgress="0" pending="0" />
  </ResultSummary>
  <TestDefinitions>
    <UnitTest name="AliveCellWithTwoOrThreeAliveNeighboursStaysAlive" storage="c:\users\thedole\documents\visual studio 2010\projects\codeplay\gameoflife\gameoflife01\gameoflife01\bin\debug\gameoflife01.dll" id="8a38cc25-b9ac-4172-d9cb-fee8c9344c27">
      <Execution id="3465c255-af8b-40ae-8978-fc8e418b3b70" />
      <TestMethod codeBase="C:/Users/thedole/Documents/Visual Studio 2010/Projects/CodePlay/GameOfLife/GameOfLife01/GameOfLife01/bin/Debug/GameOfLife01.DLL" adapterTypeName="Microsoft.VisualStudio.TestTools.TestTypes.Unit.UnitTestAdapter, Microsoft.VisualStudio.QualityTools.Tips.UnitTest.Adapter, Version=10.0.0.0, Culture=neutral, PublicKeyToken=b03f5f7f11d50a3a" className="GameOfLife01.UnitTest1, GameOfLife01, Version=1.0.0.0, Culture=neutral, PublicKeyToken=null" name="AliveCellWithTwoOrThreeAliveNeighboursStaysAlive" />
    </UnitTest>
    <UnitTest name="DeadCellWithMoreThenThreeAliveNeighboursStaysDead" storage="c:\users\thedole\documents\visual studio 2010\projects\codeplay\gameoflife\gameoflife01\gameoflife01\bin\debug\gameoflife01.dll" id="c3348b1a-f430-4e15-a061-63b1dfd86c4c">
      <Execution id="649559f3-8957-401a-b66e-37e8264a5579" />
      <TestMethod codeBase="C:/Users/thedole/Documents/Visual Studio 2010/Projects/CodePlay/GameOfLife/GameOfLife01/GameOfLife01/bin/Debug/GameOfLife01.DLL" adapterTypeName="Microsoft.VisualStudio.TestTools.TestTypes.Unit.UnitTestAdapter, Microsoft.VisualStudio.QualityTools.Tips.UnitTest.Adapter, Version=10.0.0.0, Culture=neutral, PublicKeyToken=b03f5f7f11d50a3a" className="GameOfLife01.UnitTest1, GameOfLife01, Version=1.0.0.0, Culture=neutral, PublicKeyToken=null" name="DeadCellWithMoreThenThreeAliveNeighboursStaysDead" />
    </UnitTest>
    <UnitTest name="AliveNeighbourCountOfBorderPixel" storage="c:\users\thedole\documents\visual studio 2010\projects\codeplay\gameoflife\gameoflife01\gameoflife01\bin\debug\gameoflife01.dll" id="4d851a36-a238-74ed-1c5d-653addd908a4">
      <Execution id="1e99cecb-ca0a-4095-a68d-05351deede86" />
      <TestMethod codeBase="C:/Users/thedole/Documents/Visual Studio 2010/Projects/CodePlay/GameOfLife/GameOfLife01/GameOfLife01/bin/Debug/GameOfLife01.DLL" adapterTypeName="Microsoft.VisualStudio.TestTools.TestTypes.Unit.UnitTestAdapter, Microsoft.VisualStudio.QualityTools.Tips.UnitTest.Adapter, Version=10.0.0.0, Culture=neutral, PublicKeyToken=b03f5f7f11d50a3a" className="GameOfLife01.UnitTest1, GameOfLife01, Version=1.0.0.0, Culture=neutral, PublicKeyToken=null" name="AliveNeighbourCountOfBorderPixel" />
    </UnitTest>
    <UnitTest name="AliveCellWithMoreThenThreeAliveNeigboursDies" storage="c:\users\thedole\documents\visual studio 2010\projects\codeplay\gameoflife\gameoflife01\gameoflife01\bin\debug\gameoflife01.dll" id="3db8c6c5-c2c4-8993-379c-ab3a7719e1ac">
      <Execution id="f42aedb1-62f0-4d16-814e-0cd575caf6bb" />
      <TestMethod codeBase="C:/Users/thedole/Documents/Visual Studio 2010/Projects/CodePlay/GameOfLife/GameOfLife01/GameOfLife01/bin/Debug/GameOfLife01.DLL" adapterTypeName="Microsoft.VisualStudio.TestTools.TestTypes.Unit.UnitTestAdapter, Microsoft.VisualStudio.QualityTools.Tips.UnitTest.Adapter, Version=10.0.0.0, Culture=neutral, PublicKeyToken=b03f5f7f11d50a3a" className="GameOfLife01.UnitTest1, GameOfLife01, Version=1.0.0.0, Culture=neutral, PublicKeyToken=null" name="AliveCellWithMoreThenThreeAliveNeigboursDies" />
    </UnitTest>
    <UnitTest name="AliveCellWithLessThenTwoAliveNeigboursDies" storage="c:\users\thedole\documents\visual studio 2010\projects\codeplay\gameoflife\gameoflife01\gameoflife01\bin\debug\gameoflife01.dll" id="481d0ecd-35aa-c3b3-a58e-df6acea9d162">
      <Execution id="28ada701-47b6-4249-8aa5-039800f03037" />
      <TestMethod codeBase="C:/Users/thedole/Documents/Visual Studio 2010/Projects/CodePlay/GameOfLife/GameOfLife01/GameOfLife01/bin/Debug/GameOfLife01.DLL" adapterTypeName="Microsoft.VisualStudio.TestTools.TestTypes.Unit.UnitTestAdapter, Microsoft.VisualStudio.QualityTools.Tips.UnitTest.Adapter, Version=10.0.0.0, Culture=neutral, PublicKeyToken=b03f5f7f11d50a3a" className="GameOfLife01.UnitTest1, GameOfLife01, Version=1.0.0.0, Culture=neutral, PublicKeyToken=null" name="AliveCellWithLessThenTwoAliveNeigboursDies" />
    </UnitTest>
    <UnitTest name="AliveNeighbourCountOfEightConnectedNeighboursOn5x5grid" storage="c:\users\thedole\documents\visual studio 2010\projects\codeplay\gameoflife\gameoflife01\gameoflife01\bin\debug\gameoflife01.dll" id="e6a6b768-0d9f-404e-1089-104d118957f4">
      <Execution id="96f0bb04-001f-4b52-ab2f-c2c56ccdf238" />
      <TestMethod codeBase="C:/Users/thedole/Documents/Visual Studio 2010/Projects/CodePlay/GameOfLife/GameOfLife01/GameOfLife01/bin/Debug/GameOfLife01.DLL" adapterTypeName="Microsoft.VisualStudio.TestTools.TestTypes.Unit.UnitTestAdapter, Microsoft.VisualStudio.QualityTools.Tips.UnitTest.Adapter, Version=10.0.0.0, Culture=neutral, PublicKeyToken=b03f5f7f11d50a3a" className="GameOfLife01.UnitTest1, GameOfLife01, Version=1.0.0.0, Culture=neutral, PublicKeyToken=null" name="AliveNeighbourCountOfEightConnectedNeighboursOn5x5grid" />
    </UnitTest>
    <UnitTest name="DeadCellWithThreeAliveNeighboursBecomesAlive" storage="c:\users\thedole\documents\visual studio 2010\projects\codeplay\gameoflife\gameoflife01\gameoflife01\bin\debug\gameoflife01.dll" id="8abccc33-4866-216c-529f-051cb4fe2e48">
      <Execution id="c3a47508-8ffb-4f7d-95d8-b79b2eca2fe4" />
      <TestMethod codeBase="C:/Users/thedole/Documents/Visual Studio 2010/Projects/CodePlay/GameOfLife/GameOfLife01/GameOfLife01/bin/Debug/GameOfLife01.DLL" adapterTypeName="Microsoft.VisualStudio.TestTools.TestTypes.Unit.UnitTestAdapter, Microsoft.VisualStudio.QualityTools.Tips.UnitTest.Adapter, Version=10.0.0.0, Culture=neutral, PublicKeyToken=b03f5f7f11d50a3a" className="GameOfLife01.UnitTest1, GameOfLife01, Version=1.0.0.0, Culture=neutral, PublicKeyToken=null" name="DeadCellWithThreeAliveNeighboursBecomesAlive" />
    </UnitTest>
    <UnitTest name="DeadCellWithLessThenThreeAliveNeighboursStaysDead" storage="c:\users\thedole\documents\visual studio 2010\projects\codeplay\gameoflife\gameoflife01\gameoflife01\bin\debug\gameoflife01.dll" id="283489f7-18c4-2334-aa3a-93a2bb2f2335">
      <Execution id="69e2d6da-8db0-46ff-893d-514938dc93da" />
      <TestMethod codeBase="C:/Users/thedole/Documents/Visual Studio 2010/Projects/CodePlay/GameOfLife/GameOfLife01/GameOfLife01/bin/Debug/GameOfLife01.DLL" adapterTypeName="Microsoft.VisualStudio.TestTools.TestTypes.Unit.UnitTestAdapter, Microsoft.VisualStudio.QualityTools.Tips.UnitTest.Adapter, Version=10.0.0.0, Culture=neutral, PublicKeyToken=b03f5f7f11d50a3a" className="GameOfLife01.UnitTest1, GameOfLife01, Version=1.0.0.0, Culture=neutral, PublicKeyToken=null" name="DeadCellWithLessThenThreeAliveNeighboursStaysDead" />
    </UnitTest>
    <UnitTest name="AliveNeighbourCountOfEightConnectedNeighboursOn3x3grid" storage="c:\users\thedole\documents\visual studio 2010\projects\codeplay\gameoflife\gameoflife01\gameoflife01\bin\debug\gameoflife01.dll" id="340ef246-e12f-a0f6-d485-f8c93e001dad">
      <Execution id="d612e75b-3870-4b32-a7fe-20568e0f3049" />
      <TestMethod codeBase="C:/Users/thedole/Documents/Visual Studio 2010/Projects/CodePlay/GameOfLife/GameOfLife01/GameOfLife01/bin/Debug/GameOfLife01.DLL" adapterTypeName="Microsoft.VisualStudio.TestTools.TestTypes.Unit.UnitTestAdapter, Microsoft.VisualStudio.QualityTools.Tips.UnitTest.Adapter, Version=10.0.0.0, Culture=neutral, PublicKeyToken=b03f5f7f11d50a3a" className="GameOfLife01.UnitTest1, GameOfLife01, Version=1.0.0.0, Culture=neutral, PublicKeyToken=null" name="AliveNeighbourCountOfEightConnectedNeighboursOn3x3grid" />
    </UnitTest>
  </TestDefinitions>
  <TestLists>
    <TestList name="Results Not in a List" id="8c84fa94-04c1-424b-9868-57a2d4851a1d" />
    <TestList name="All Loaded Results" id="19431567-8539-422a-85d7-44ee4e166bda" />
  </TestLists>
  <TestEntries>
    <TestEntry testId="283489f7-18c4-2334-aa3a-93a2bb2f2335" executionId="69e2d6da-8db0-46ff-893d-514938dc93da" testListId="8c84fa94-04c1-424b-9868-57a2d4851a1d" />
    <TestEntry testId="340ef246-e12f-a0f6-d485-f8c93e001dad" executionId="d612e75b-3870-4b32-a7fe-20568e0f3049" testListId="8c84fa94-04c1-424b-9868-57a2d4851a1d" />
    <TestEntry testId="3db8c6c5-c2c4-8993-379c-ab3a7719e1ac" executionId="f42aedb1-62f0-4d16-814e-0cd575caf6bb" testListId="8c84fa94-04c1-424b-9868-57a2d4851a1d" />
    <TestEntry testId="481d0ecd-35aa-c3b3-a58e-df6acea9d162" executionId="28ada701-47b6-4249-8aa5-039800f03037" testListId="8c84fa94-04c1-424b-9868-57a2d4851a1d" />
    <TestEntry testId="4d851a36-a238-74ed-1c5d-653addd908a4" executionId="1e99cecb-ca0a-4095-a68d-05351deede86" testListId="8c84fa94-04c1-424b-9868-57a2d4851a1d" />
    <TestEntry testId="8a38cc25-b9ac-4172-d9cb-fee8c9344c27" executionId="3465c255-af8b-40ae-8978-fc8e418b3b70" testListId="8c84fa94-04c1-424b-9868-57a2d4851a1d" />
    <TestEntry testId="8abccc33-4866-216c-529f-051cb4fe2e48" executionId="c3a47508-8ffb-4f7d-95d8-b79b2eca2fe4" testListId="8c84fa94-04c1-424b-9868-57a2d4851a1d" />
    <TestEntry testId="c3348b1a-f430-4e15-a061-63b1dfd86c4c" executionId="649559f3-8957-401a-b66e-37e8264a5579" testListId="8c84fa94-04c1-424b-9868-57a2d4851a1d" />
    <TestEntry testId="e6a6b768-0d9f-404e-1089-104d118957f4" executionId="96f0bb04-001f-4b52-ab2f-c2c56ccdf238" testListId="8c84fa94-04c1-424b-9868-57a2d4851a1d" />
  </TestEntries>
  <Results>
    <UnitTestResult executionId="69e2d6da-8db0-46ff-893d-514938dc93da" testId="283489f7-18c4-2334-aa3a-93a2bb2f2335" testName="DeadCellWithLessThenThreeAliveNeighboursStaysDead" computerName="THEDOLE-ASUS" duration="00:00:00.0371414" startTime="2012-12-19T20:27:02.2251680+01:00" endTime="2012-12-19T20:27:03.0375980+01:00" testType="13cdc9d9-ddb5-4fa4-a97d-d965ccfc6d4b" outcome="Passed" testListId="8c84fa94-04c1-424b-9868-57a2d4851a1d" relativeResultsDirectory="69e2d6da-8db0-46ff-893d-514938dc93da">
    </UnitTestResult>
    <UnitTestResult executionId="d612e75b-3870-4b32-a7fe-20568e0f3049" testId="340ef246-e12f-a0f6-d485-f8c93e001dad" testName="AliveNeighbourCountOfEightConnectedNeighboursOn3x3grid" computerName="THEDOLE-ASUS" duration="00:00:00.0291265" startTime="2012-12-19T20:27:03.0395981+01:00" endTime="2012-12-19T20:27:03.0756002+01:00" testType="13cdc9d9-ddb5-4fa4-a97d-d965ccfc6d4b" outcome="Passed" testListId="8c84fa94-04c1-424b-9868-57a2d4851a1d" relativeResultsDirectory="d612e75b-3870-4b32-a7fe-20568e0f3049">
    </UnitTestResult>
    <UnitTestResult executionId="f42aedb1-62f0-4d16-814e-0cd575caf6bb" testId="3db8c6c5-c2c4-8993-379c-ab3a7719e1ac" testName="AliveCellWithMoreThenThreeAliveNeigboursDies" computerName="THEDOLE-ASUS" duration="00:00:00.0004654" startTime="2012-12-19T20:27:03.0776003+01:00" endTime="2012-12-19T20:27:03.0846007+01:00" testType="13cdc9d9-ddb5-4fa4-a97d-d965ccfc6d4b" outcome="Passed" testListId="8c84fa94-04c1-424b-9868-57a2d4851a1d" relativeResultsDirectory="f42aedb1-62f0-4d16-814e-0cd575caf6bb">
    </UnitTestResult>
    <UnitTestResult executionId="28ada701-47b6-4249-8aa5-039800f03037" testId="481d0ecd-35aa-c3b3-a58e-df6acea9d162" testName="AliveCellWithLessThenTwoAliveNeigboursDies" computerName="THEDOLE-ASUS" duration="00:00:00.0004366" startTime="2012-12-19T20:27:03.0866008+01:00" endTime="2012-12-19T20:27:03.0926012+01:00" testType="13cdc9d9-ddb5-4fa4-a97d-d965ccfc6d4b" outcome="Passed" testListId="8c84fa94-04c1-424b-9868-57a2d4851a1d" relativeResultsDirectory="28ada701-47b6-4249-8aa5-039800f03037">
    </UnitTestResult>
    <UnitTestResult executionId="1e99cecb-ca0a-4095-a68d-05351deede86" testId="4d851a36-a238-74ed-1c5d-653addd908a4" testName="AliveNeighbourCountOfBorderPixel" computerName="THEDOLE-ASUS" duration="00:00:00.0509098" startTime="2012-12-19T20:27:03.0946013+01:00" endTime="2012-12-19T20:27:03.1526046+01:00" testType="13cdc9d9-ddb5-4fa4-a97d-d965ccfc6d4b" outcome="Failed" testListId="8c84fa94-04c1-424b-9868-57a2d4851a1d" relativeResultsDirectory="1e99cecb-ca0a-4095-a68d-05351deede86">
      <Output>
        <ErrorInfo>
          <Message>Test method GameOfLife01.UnitTest1.AliveNeighbourCountOfBorderPixel threw exception: 
System.IO.IOException: The handle is invalid.
</Message>
          <StackTrace>    at System.IO.__Error.WinIOError(Int32 errorCode, String maybeFullPath)
   at System.Console.GetBufferInfo(Boolean throwOnNoConsole, Boolean&amp; succeeded)
   at System.Console.get_CursorLeft()
   at GameOfLifeLib.Helper.WriteAt(String s, Int32 x, Int32 y) in C:\Users\thedole\Documents\Visual Studio 2010\Projects\CodePlay\GameOfLife\GameOfLife01\GameOfLifeLib\Helper.cs:line 45
   at GameOfLifeLib.Helper.&lt;DrawGrid&gt;b__6(Point c) in C:\Users\thedole\Documents\Visual Studio 2010\Projects\CodePlay\GameOfLife\GameOfLife01\GameOfLifeLib\Helper.cs:line 40
   at System.Collections.Generic.List`1.ForEach(Action`1 action)
   at GameOfLifeLib.Helper.DrawGrid(List`1 cells) in C:\Users\thedole\Documents\Visual Studio 2010\Projects\CodePlay\GameOfLife\GameOfLife01\GameOfLifeLib\Helper.cs:line 39
   at GameOfLife01.UnitTest1.AliveNeighbourCountOfBorderPixel() in C:\Users\thedole\Documents\Visual Studio 2010\Projects\CodePlay\GameOfLife\GameOfLife01\GameOfLife01\UnitTest1.cs:line 98
</StackTrace>
        </ErrorInfo>
      </Output>
    </UnitTestResult>
    <UnitTestResult executionId="3465c255-af8b-40ae-8978-fc8e418b3b70" testId="8a38cc25-b9ac-4172-d9cb-fee8c9344c27" testName="AliveCellWithTwoOrThreeAliveNeighboursStaysAlive" computerName="THEDOLE-ASUS" duration="00:00:00.0005054" startTime="2012-12-19T20:27:03.1546047+01:00" endTime="2012-12-19T20:27:03.1616051+01:00" testType="13cdc9d9-ddb5-4fa4-a97d-d965ccfc6d4b" outcome="Passed" testListId="8c84fa94-04c1-424b-9868-57a2d4851a1d" relativeResultsDirectory="3465c255-af8b-40ae-8978-fc8e418b3b70">
    </UnitTestResult>
    <UnitTestResult executionId="c3a47508-8ffb-4f7d-95d8-b79b2eca2fe4" testId="8abccc33-4866-216c-529f-051cb4fe2e48" testName="DeadCellWithThreeAliveNeighboursBecomesAlive" computerName="THEDOLE-ASUS" duration="00:00:00.0003828" startTime="2012-12-19T20:27:03.1636052+01:00" endTime="2012-12-19T20:27:03.1706056+01:00" testType="13cdc9d9-ddb5-4fa4-a97d-d965ccfc6d4b" outcome="Passed" testListId="8c84fa94-04c1-424b-9868-57a2d4851a1d" relativeResultsDirectory="c3a47508-8ffb-4f7d-95d8-b79b2eca2fe4">
    </UnitTestResult>
    <UnitTestResult executionId="649559f3-8957-401a-b66e-37e8264a5579" testId="c3348b1a-f430-4e15-a061-63b1dfd86c4c" testName="DeadCellWithMoreThenThreeAliveNeighboursStaysDead" computerName="THEDOLE-ASUS" duration="00:00:00.0004669" startTime="2012-12-19T20:27:03.1736058+01:00" endTime="2012-12-19T20:27:03.1796061+01:00" testType="13cdc9d9-ddb5-4fa4-a97d-d965ccfc6d4b" outcome="Passed" testListId="8c84fa94-04c1-424b-9868-57a2d4851a1d" relativeResultsDirectory="649559f3-8957-401a-b66e-37e8264a5579">
    </UnitTestResult>
    <UnitTestResult executionId="96f0bb04-001f-4b52-ab2f-c2c56ccdf238" testId="e6a6b768-0d9f-404e-1089-104d118957f4" testName="AliveNeighbourCountOfEightConnectedNeighboursOn5x5grid" computerName="THEDOLE-ASUS" duration="00:00:00.0010622" startTime="2012-12-19T20:27:03.1826063+01:00" endTime="2012-12-19T20:27:03.1906068+01:00" testType="13cdc9d9-ddb5-4fa4-a97d-d965ccfc6d4b" outcome="Passed" testListId="8c84fa94-04c1-424b-9868-57a2d4851a1d" relativeResultsDirectory="96f0bb04-001f-4b52-ab2f-c2c56ccdf238">
    </UnitTestResult>
  </Results>
</TestRun>