<?xml version="1.0" encoding="UTF-8"?>
<TestRun id="c13975c2-4ec0-4fd3-8397-ce7af1d85b88" name="thedole@THEDOLE-ASUS 2012-12-17 23:59:42" runUser="THEDOLE-ASUS\thedole" xmlns="http://microsoft.com/schemas/VisualStudio/TeamTest/2010">
  <TestSettings name="Local" id="168ee60e-43ee-4ad3-b024-3f224d347f6b">
    <Description>These are default test settings for a local test run.</Description>
    <Deployment enabled="false" runDeploymentRoot="thedole_THEDOLE-ASUS 2012-12-17 23_59_42" />
    <Execution>
      <TestTypeSpecific />
      <AgentRule name="Execution Agents">
      </AgentRule>
    </Execution>
  </TestSettings>
  <Times creation="2012-12-17T23:59:42.6297813+01:00" queuing="2012-12-17T23:59:42.7389815+01:00" start="2012-12-17T23:59:42.7545816+01:00" finish="2012-12-17T23:59:43.5214829+01:00" />
  <ResultSummary outcome="Completed">
    <Counters total="7" executed="7" passed="7" error="0" failed="0" timeout="0" aborted="0" inconclusive="0" passedButRunAborted="0" notRunnable="0" notExecuted="0" disconnected="0" warning="0" completed="0" inProgress="0" pending="0" />
  </ResultSummary>
  <TestDefinitions>
    <UnitTest name="DeadCellWithMoreThenThreeAliveNeighboursStaysDead" storage="c:\users\thedole\documents\visual studio 2010\projects\codeplay\gameoflife\gameoflife01\gameoflife01\bin\debug\gameoflife01.dll" id="c3348b1a-f430-4e15-a061-63b1dfd86c4c">
      <Execution id="644ea53a-7fc8-470a-9a58-8eba11d83c04" />
      <TestMethod codeBase="C:/Users/thedole/Documents/Visual Studio 2010/Projects/CodePlay/GameOfLife/GameOfLife01/GameOfLife01/bin/Debug/GameOfLife01.DLL" adapterTypeName="Microsoft.VisualStudio.TestTools.TestTypes.Unit.UnitTestAdapter, Microsoft.VisualStudio.QualityTools.Tips.UnitTest.Adapter, Version=10.0.0.0, Culture=neutral, PublicKeyToken=b03f5f7f11d50a3a" className="GameOfLife01.UnitTest1, GameOfLife01, Version=1.0.0.0, Culture=neutral, PublicKeyToken=null" name="DeadCellWithMoreThenThreeAliveNeighboursStaysDead" />
    </UnitTest>
    <UnitTest name="DeadCellWithLessThenThreeAliveNeighboursStaysDead" storage="c:\users\thedole\documents\visual studio 2010\projects\codeplay\gameoflife\gameoflife01\gameoflife01\bin\debug\gameoflife01.dll" id="283489f7-18c4-2334-aa3a-93a2bb2f2335">
      <Execution id="56e1a277-9f76-4346-955d-181c45da5552" />
      <TestMethod codeBase="C:/Users/thedole/Documents/Visual Studio 2010/Projects/CodePlay/GameOfLife/GameOfLife01/GameOfLife01/bin/Debug/GameOfLife01.DLL" adapterTypeName="Microsoft.VisualStudio.TestTools.TestTypes.Unit.UnitTestAdapter, Microsoft.VisualStudio.QualityTools.Tips.UnitTest.Adapter, Version=10.0.0.0, Culture=neutral, PublicKeyToken=b03f5f7f11d50a3a" className="GameOfLife01.UnitTest1, GameOfLife01, Version=1.0.0.0, Culture=neutral, PublicKeyToken=null" name="DeadCellWithLessThenThreeAliveNeighboursStaysDead" />
    </UnitTest>
    <UnitTest name="AliveCellWithMoreThenThreeAliveNeigboursDies" storage="c:\users\thedole\documents\visual studio 2010\projects\codeplay\gameoflife\gameoflife01\gameoflife01\bin\debug\gameoflife01.dll" id="3db8c6c5-c2c4-8993-379c-ab3a7719e1ac">
      <Execution id="9b9e0c3e-653a-45fe-b122-e96da90f58b5" />
      <TestMethod codeBase="C:/Users/thedole/Documents/Visual Studio 2010/Projects/CodePlay/GameOfLife/GameOfLife01/GameOfLife01/bin/Debug/GameOfLife01.DLL" adapterTypeName="Microsoft.VisualStudio.TestTools.TestTypes.Unit.UnitTestAdapter, Microsoft.VisualStudio.QualityTools.Tips.UnitTest.Adapter, Version=10.0.0.0, Culture=neutral, PublicKeyToken=b03f5f7f11d50a3a" className="GameOfLife01.UnitTest1, GameOfLife01, Version=1.0.0.0, Culture=neutral, PublicKeyToken=null" name="AliveCellWithMoreThenThreeAliveNeigboursDies" />
    </UnitTest>
    <UnitTest name="AliveCellWithLessThenTwoAliveNeigboursDies" storage="c:\users\thedole\documents\visual studio 2010\projects\codeplay\gameoflife\gameoflife01\gameoflife01\bin\debug\gameoflife01.dll" id="481d0ecd-35aa-c3b3-a58e-df6acea9d162">
      <Execution id="4475ab94-8484-4a0c-a0fc-7cca7ed9f66e" />
      <TestMethod codeBase="C:/Users/thedole/Documents/Visual Studio 2010/Projects/CodePlay/GameOfLife/GameOfLife01/GameOfLife01/bin/Debug/GameOfLife01.DLL" adapterTypeName="Microsoft.VisualStudio.TestTools.TestTypes.Unit.UnitTestAdapter, Microsoft.VisualStudio.QualityTools.Tips.UnitTest.Adapter, Version=10.0.0.0, Culture=neutral, PublicKeyToken=b03f5f7f11d50a3a" className="GameOfLife01.UnitTest1, GameOfLife01, Version=1.0.0.0, Culture=neutral, PublicKeyToken=null" name="AliveCellWithLessThenTwoAliveNeigboursDies" />
    </UnitTest>
    <UnitTest name="DeadCellWithThreeAliveNeighboursBecomesAlive" storage="c:\users\thedole\documents\visual studio 2010\projects\codeplay\gameoflife\gameoflife01\gameoflife01\bin\debug\gameoflife01.dll" id="8abccc33-4866-216c-529f-051cb4fe2e48">
      <Execution id="37663ce8-ba8e-4932-8a21-f2110aa5542f" />
      <TestMethod codeBase="C:/Users/thedole/Documents/Visual Studio 2010/Projects/CodePlay/GameOfLife/GameOfLife01/GameOfLife01/bin/Debug/GameOfLife01.DLL" adapterTypeName="Microsoft.VisualStudio.TestTools.TestTypes.Unit.UnitTestAdapter, Microsoft.VisualStudio.QualityTools.Tips.UnitTest.Adapter, Version=10.0.0.0, Culture=neutral, PublicKeyToken=b03f5f7f11d50a3a" className="GameOfLife01.UnitTest1, GameOfLife01, Version=1.0.0.0, Culture=neutral, PublicKeyToken=null" name="DeadCellWithThreeAliveNeighboursBecomesAlive" />
    </UnitTest>
    <UnitTest name="AliveNeighbourCountOfCellWithNoneToEightNeighbours" storage="c:\users\thedole\documents\visual studio 2010\projects\codeplay\gameoflife\gameoflife01\gameoflife01\bin\debug\gameoflife01.dll" id="b7f292eb-f868-ad9f-a41a-a156bdeb5b1e">
      <Execution id="e2c4dbaa-6ad0-46a9-9cc5-e32db7f57b6f" />
      <TestMethod codeBase="C:/Users/thedole/Documents/Visual Studio 2010/Projects/CodePlay/GameOfLife/GameOfLife01/GameOfLife01/bin/Debug/GameOfLife01.DLL" adapterTypeName="Microsoft.VisualStudio.TestTools.TestTypes.Unit.UnitTestAdapter, Microsoft.VisualStudio.QualityTools.Tips.UnitTest.Adapter, Version=10.0.0.0, Culture=neutral, PublicKeyToken=b03f5f7f11d50a3a" className="GameOfLife01.UnitTest1, GameOfLife01, Version=1.0.0.0, Culture=neutral, PublicKeyToken=null" name="AliveNeighbourCountOfCellWithNoneToEightNeighbours" />
    </UnitTest>
    <UnitTest name="AliveCellWithTwoOrThreeAliveNeighboursStaysAlive" storage="c:\users\thedole\documents\visual studio 2010\projects\codeplay\gameoflife\gameoflife01\gameoflife01\bin\debug\gameoflife01.dll" id="8a38cc25-b9ac-4172-d9cb-fee8c9344c27">
      <Execution id="d78b2fe0-d19c-400e-af38-581f989860f3" />
      <TestMethod codeBase="C:/Users/thedole/Documents/Visual Studio 2010/Projects/CodePlay/GameOfLife/GameOfLife01/GameOfLife01/bin/Debug/GameOfLife01.DLL" adapterTypeName="Microsoft.VisualStudio.TestTools.TestTypes.Unit.UnitTestAdapter, Microsoft.VisualStudio.QualityTools.Tips.UnitTest.Adapter, Version=10.0.0.0, Culture=neutral, PublicKeyToken=b03f5f7f11d50a3a" className="GameOfLife01.UnitTest1, GameOfLife01, Version=1.0.0.0, Culture=neutral, PublicKeyToken=null" name="AliveCellWithTwoOrThreeAliveNeighboursStaysAlive" />
    </UnitTest>
  </TestDefinitions>
  <TestLists>
    <TestList name="Results Not in a List" id="8c84fa94-04c1-424b-9868-57a2d4851a1d" />
    <TestList name="All Loaded Results" id="19431567-8539-422a-85d7-44ee4e166bda" />
  </TestLists>
  <TestEntries>
    <TestEntry testId="283489f7-18c4-2334-aa3a-93a2bb2f2335" executionId="56e1a277-9f76-4346-955d-181c45da5552" testListId="8c84fa94-04c1-424b-9868-57a2d4851a1d" />
    <TestEntry testId="3db8c6c5-c2c4-8993-379c-ab3a7719e1ac" executionId="9b9e0c3e-653a-45fe-b122-e96da90f58b5" testListId="8c84fa94-04c1-424b-9868-57a2d4851a1d" />
    <TestEntry testId="481d0ecd-35aa-c3b3-a58e-df6acea9d162" executionId="4475ab94-8484-4a0c-a0fc-7cca7ed9f66e" testListId="8c84fa94-04c1-424b-9868-57a2d4851a1d" />
    <TestEntry testId="8a38cc25-b9ac-4172-d9cb-fee8c9344c27" executionId="d78b2fe0-d19c-400e-af38-581f989860f3" testListId="8c84fa94-04c1-424b-9868-57a2d4851a1d" />
    <TestEntry testId="8abccc33-4866-216c-529f-051cb4fe2e48" executionId="37663ce8-ba8e-4932-8a21-f2110aa5542f" testListId="8c84fa94-04c1-424b-9868-57a2d4851a1d" />
    <TestEntry testId="b7f292eb-f868-ad9f-a41a-a156bdeb5b1e" executionId="e2c4dbaa-6ad0-46a9-9cc5-e32db7f57b6f" testListId="8c84fa94-04c1-424b-9868-57a2d4851a1d" />
    <TestEntry testId="c3348b1a-f430-4e15-a061-63b1dfd86c4c" executionId="644ea53a-7fc8-470a-9a58-8eba11d83c04" testListId="8c84fa94-04c1-424b-9868-57a2d4851a1d" />
  </TestEntries>
  <Results>
    <UnitTestResult executionId="56e1a277-9f76-4346-955d-181c45da5552" testId="283489f7-18c4-2334-aa3a-93a2bb2f2335" testName="DeadCellWithLessThenThreeAliveNeighboursStaysDead" computerName="THEDOLE-ASUS" duration="00:00:00.0342960" startTime="2012-12-17T23:59:42.7701816+01:00" endTime="2012-12-17T23:59:43.3810827+01:00" testType="13cdc9d9-ddb5-4fa4-a97d-d965ccfc6d4b" outcome="Passed" testListId="8c84fa94-04c1-424b-9868-57a2d4851a1d" relativeResultsDirectory="56e1a277-9f76-4346-955d-181c45da5552">
    </UnitTestResult>
    <UnitTestResult executionId="9b9e0c3e-653a-45fe-b122-e96da90f58b5" testId="3db8c6c5-c2c4-8993-379c-ab3a7719e1ac" testName="AliveCellWithMoreThenThreeAliveNeigboursDies" computerName="THEDOLE-ASUS" duration="00:00:00.0005603" startTime="2012-12-17T23:59:43.3810827+01:00" endTime="2012-12-17T23:59:43.3966827+01:00" testType="13cdc9d9-ddb5-4fa4-a97d-d965ccfc6d4b" outcome="Passed" testListId="8c84fa94-04c1-424b-9868-57a2d4851a1d" relativeResultsDirectory="9b9e0c3e-653a-45fe-b122-e96da90f58b5">
    </UnitTestResult>
    <UnitTestResult executionId="4475ab94-8484-4a0c-a0fc-7cca7ed9f66e" testId="481d0ecd-35aa-c3b3-a58e-df6acea9d162" testName="AliveCellWithLessThenTwoAliveNeigboursDies" computerName="THEDOLE-ASUS" duration="00:00:00.0004885" startTime="2012-12-17T23:59:43.3966827+01:00" endTime="2012-12-17T23:59:43.3966827+01:00" testType="13cdc9d9-ddb5-4fa4-a97d-d965ccfc6d4b" outcome="Passed" testListId="8c84fa94-04c1-424b-9868-57a2d4851a1d" relativeResultsDirectory="4475ab94-8484-4a0c-a0fc-7cca7ed9f66e">
    </UnitTestResult>
    <UnitTestResult executionId="d78b2fe0-d19c-400e-af38-581f989860f3" testId="8a38cc25-b9ac-4172-d9cb-fee8c9344c27" testName="AliveCellWithTwoOrThreeAliveNeighboursStaysAlive" computerName="THEDOLE-ASUS" duration="00:00:00.0004813" startTime="2012-12-17T23:59:43.4122827+01:00" endTime="2012-12-17T23:59:43.4122827+01:00" testType="13cdc9d9-ddb5-4fa4-a97d-d965ccfc6d4b" outcome="Passed" testListId="8c84fa94-04c1-424b-9868-57a2d4851a1d" relativeResultsDirectory="d78b2fe0-d19c-400e-af38-581f989860f3">
    </UnitTestResult>
    <UnitTestResult executionId="37663ce8-ba8e-4932-8a21-f2110aa5542f" testId="8abccc33-4866-216c-529f-051cb4fe2e48" testName="DeadCellWithThreeAliveNeighboursBecomesAlive" computerName="THEDOLE-ASUS" duration="00:00:00.0004469" startTime="2012-12-17T23:59:43.4122827+01:00" endTime="2012-12-17T23:59:43.4278828+01:00" testType="13cdc9d9-ddb5-4fa4-a97d-d965ccfc6d4b" outcome="Passed" testListId="8c84fa94-04c1-424b-9868-57a2d4851a1d" relativeResultsDirectory="37663ce8-ba8e-4932-8a21-f2110aa5542f">
    </UnitTestResult>
    <UnitTestResult executionId="e2c4dbaa-6ad0-46a9-9cc5-e32db7f57b6f" testId="b7f292eb-f868-ad9f-a41a-a156bdeb5b1e" testName="AliveNeighbourCountOfCellWithNoneToEightNeighbours" computerName="THEDOLE-ASUS" duration="00:00:00.0249263" startTime="2012-12-17T23:59:43.4278828+01:00" endTime="2012-12-17T23:59:43.4590828+01:00" testType="13cdc9d9-ddb5-4fa4-a97d-d965ccfc6d4b" outcome="Passed" testListId="8c84fa94-04c1-424b-9868-57a2d4851a1d" relativeResultsDirectory="e2c4dbaa-6ad0-46a9-9cc5-e32db7f57b6f">
    </UnitTestResult>
    <UnitTestResult executionId="644ea53a-7fc8-470a-9a58-8eba11d83c04" testId="c3348b1a-f430-4e15-a061-63b1dfd86c4c" testName="DeadCellWithMoreThenThreeAliveNeighboursStaysDead" computerName="THEDOLE-ASUS" duration="00:00:00.0005100" startTime="2012-12-17T23:59:43.4590828+01:00" endTime="2012-12-17T23:59:43.4746829+01:00" testType="13cdc9d9-ddb5-4fa4-a97d-d965ccfc6d4b" outcome="Passed" testListId="8c84fa94-04c1-424b-9868-57a2d4851a1d" relativeResultsDirectory="644ea53a-7fc8-470a-9a58-8eba11d83c04">
    </UnitTestResult>
  </Results>
</TestRun>